BTCUSDT spot 4 1 Ago, 2020-1 Mar, 2021 Individues:300 Size:50 Generations:10000
[<utils_.cythonFunctions.Individual.Individual object at 0x0000028DF1E234C0>, <utils_.cythonFunctions.Individual.Individual object at 0x0000028DF5CCC0D0>, <utils_.cythonFunctions.Individual.Individual object at 0x0000028DF5CCC250>, <utils_.cythonFunctions.Individual.Individual object at 0x0000028DF5CCC820>, <utils_.cythonFunctions.Individual.Individual object at 0x0000028DF5CCC430>, <utils_.cythonFunctions.Individual.Individual object at 0x0000028DF5CCC940>, <utils_.cythonFunctions.Individual.Individual object at 0x0000028DF5CCCAF0>, <utils_.cythonFunctions.Individual.Individual object at 0x0000028DF5CCCA60>, <utils_.cythonFunctions.Individual.Individual object at 0x0000028DF5CCC520>, <utils_.cythonFunctions.Individual.Individual object at 0x0000028DF5CCCF10>, <utils_.cythonFunctions.Individual.Individual object at 0x0000028DF5CCCBB0>, <utils_.cythonFunctions.Individual.Individual object at 0x0000028DF5CCCB20>, <utils_.cythonFunctions.Individual.Individual object at 0x0000028DF5CCCBE0>, <utils_.cythonFunctions.Individual.Individual object at 0x0000028DF5CCCD00>, <utils_.cythonFunctions.Individual.Individual object at 0x0000028DF5CCC6A0>, <utils_.cythonFunctions.Individual.Individual object at 0x0000028DF5CCC7F0>, <utils_.cythonFunctions.Individual.Individual object at 0x0000028DF5CCC580>, <utils_.cythonFunctions.Individual.Individual object at 0x0000028DF5CCCAC0>, <utils_.cythonFunctions.Individual.Individual object at 0x0000028DF5CCCCA0>, <utils_.cythonFunctions.Individual.Individual object at 0x0000028DF5CCCEB0>, <utils_.cythonFunctions.Individual.Individual object at 0x0000028DF5CCCF40>, <utils_.cythonFunctions.Individual.Individual object at 0x0000028DF5CCCD30>, <utils_.cythonFunctions.Individual.Individual object at 0x0000028DF5CCCE50>, <utils_.cythonFunctions.Individual.Individual object at 0x0000028DF5CCCD90>, <utils_.cythonFunctions.Individual.Individual object at 0x0000028DF5CCCCD0>, <utils_.cythonFunctions.Individual.Individual object at 0x0000028DF5A240D0>, <utils_.cythonFunctions.Individual.Individual object at 0x0000028DF5A240A0>, <utils_.cythonFunctions.Individual.Individual object at 0x0000028DF5A24310>, <utils_.cythonFunctions.Individual.Individual object at 0x0000028DF5A24340>, <utils_.cythonFunctions.Individual.Individual object at 0x0000028DF5A241C0>, <utils_.cythonFunctions.Individual.Individual object at 0x0000028DF5A241F0>, <utils_.cythonFunctions.Individual.Individual object at 0x0000028DF5A24790>, <utils_.cythonFunctions.Individual.Individual object at 0x0000028DF5A247C0>, <utils_.cythonFunctions.Individual.Individual object at 0x0000028DF5A24220>, <utils_.cythonFunctions.Individual.Individual object at 0x0000028DF5A246A0>, <utils_.cythonFunctions.Individual.Individual object at 0x0000028DF5A24490>, <utils_.cythonFunctions.Individual.Individual object at 0x0000028DF5A24430>, <utils_.cythonFunctions.Individual.Individual object at 0x0000028DF5A249A0>, <utils_.cythonFunctions.Individual.Individual object at 0x0000028DF5A24040>, <utils_.cythonFunctions.Individual.Individual object at 0x0000028DF5A24670>, <utils_.cythonFunctions.Individual.Individual object at 0x0000028DF5A24EB0>, <utils_.cythonFunctions.Individual.Individual object at 0x0000028DF5A24100>, <utils_.cythonFunctions.Individual.Individual object at 0x0000028DF5A24610>, <utils_.cythonFunctions.Individual.Individual object at 0x0000028DF5A24B80>, <utils_.cythonFunctions.Individual.Individual object at 0x0000028DF5A24DC0>, <utils_.cythonFunctions.Individual.Individual object at 0x0000028DF5A24910>, <utils_.cythonFunctions.Individual.Individual object at 0x0000028DF5A24970>, <utils_.cythonFunctions.Individual.Individual object at 0x0000028DF5A24EE0>, <utils_.cythonFunctions.Individual.Individual object at 0x0000028DF5A248E0>, <utils_.cythonFunctions.Individual.Individual object at 0x0000028DF5A24550>, <utils_.cythonFunctions.Individual.Individual object at 0x0000028DF5A24520>, <utils_.cythonFunctions.Individual.Individual object at 0x0000028DF5A24940>, <utils_.cythonFunctions.Individual.Individual object at 0x0000028DF5A24D90>, <utils_.cythonFunctions.Individual.Individual object at 0x0000028DF5A24460>, <utils_.cythonFunctions.Individual.Individual object at 0x0000028DF5A24A60>, <utils_.cythonFunctions.Individual.Individual object at 0x0000028DF5A24B20>, <utils_.cythonFunctions.Individual.Individual object at 0x0000028DF5A24760>, <utils_.cythonFunctions.Individual.Individual object at 0x0000028DF5A249D0>, <utils_.cythonFunctions.Individual.Individual object at 0x0000028DF5A24D30>, <utils_.cythonFunctions.Individual.Individual object at 0x0000028DF5A24820>, <utils_.cythonFunctions.Individual.Individual object at 0x0000028DF5A24130>, <utils_.cythonFunctions.Individual.Individual object at 0x0000028DF5A24FA0>, <utils_.cythonFunctions.Individual.Individual object at 0x0000028DF5A24BE0>, <utils_.cythonFunctions.Individual.Individual object at 0x0000028DF5A24F70>, <utils_.cythonFunctions.Individual.Individual object at 0x0000028DF5A24D60>, <utils_.cythonFunctions.Individual.Individual object at 0x0000028DF5A24C10>, <utils_.cythonFunctions.Individual.Individual object at 0x0000028DF5A245B0>, <utils_.cythonFunctions.Individual.Individual object at 0x0000028DF5A44070>, <utils_.cythonFunctions.Individual.Individual object at 0x0000028DF5A440A0>, <utils_.cythonFunctions.Individual.Individual object at 0x0000028DF5A44310>, <utils_.cythonFunctions.Individual.Individual object at 0x0000028DF5A44430>, <utils_.cythonFunctions.Individual.Individual object at 0x0000028DF5A44490>, <utils_.cythonFunctions.Individual.Individual object at 0x0000028DF5CCA100>, <utils_.cythonFunctions.Individual.Individual object at 0x0000028DF5CCC5E0>, <utils_.cythonFunctions.Individual.Individual object at 0x0000028DF5CCC760>, <utils_.cythonFunctions.Individual.Individual object at 0x0000028DF5CCC3D0>, <utils_.cythonFunctions.Individual.Individual object at 0x0000028DF5CCC100>, <utils_.cythonFunctions.Individual.Individual object at 0x0000028DF4BF2610>, <utils_.cythonFunctions.Individual.Individual object at 0x0000028DF5CCC0A0>, <utils_.cythonFunctions.Individual.Individual object at 0x0000028DF5CAF190>, <utils_.cythonFunctions.Individual.Individual object at 0x0000028DF5CAF0D0>, <utils_.cythonFunctions.Individual.Individual object at 0x0000028DF5CAF130>, <utils_.cythonFunctions.Individual.Individual object at 0x0000028DF5CAF400>, <utils_.cythonFunctions.Individual.Individual object at 0x0000028DF5CAF3D0>, <utils_.cythonFunctions.Individual.Individual object at 0x0000028DF4ACED00>, <utils_.cythonFunctions.Individual.Individual object at 0x0000028DF4ACE8B0>, <utils_.cythonFunctions.Individual.Individual object at 0x0000028DF4ACE850>, <utils_.cythonFunctions.Individual.Individual object at 0x0000028DF4ACED30>, <utils_.cythonFunctions.Individual.Individual object at 0x0000028DF5A44820>, <utils_.cythonFunctions.Individual.Individual object at 0x0000028DF5A44160>, <utils_.cythonFunctions.Individual.Individual object at 0x0000028DF5A44A30>, <utils_.cythonFunctions.Individual.Individual object at 0x0000028DF5A447F0>, <utils_.cythonFunctions.Individual.Individual object at 0x0000028DF5A44220>, <utils_.cythonFunctions.Individual.Individual object at 0x0000028DF5A447C0>, <utils_.cythonFunctions.Individual.Individual object at 0x0000028DF5A44550>, <utils_.cythonFunctions.Individual.Individual object at 0x0000028DF5A446A0>, <utils_.cythonFunctions.Individual.Individual object at 0x0000028DF5A44670>, <utils_.cythonFunctions.Individual.Individual object at 0x0000028DF5A44400>, <utils_.cythonFunctions.Individual.Individual object at 0x0000028DF5A442E0>, <utils_.cythonFunctions.Individual.Individual object at 0x0000028DF5A44FD0>, <utils_.cythonFunctions.Individual.Individual object at 0x0000028DF5A44370>, <utils_.cythonFunctions.Individual.Individual object at 0x0000028DF5A44D00>, <utils_.cythonFunctions.Individual.Individual object at 0x0000028DF5A444F0>, <utils_.cythonFunctions.Individual.Individual object at 0x0000028DF5A44D90>, <utils_.cythonFunctions.Individual.Individual object at 0x0000028DF5A44340>, <utils_.cythonFunctions.Individual.Individual object at 0x0000028DF5A449A0>, <utils_.cythonFunctions.Individual.Individual object at 0x0000028DF5A44AF0>, <utils_.cythonFunctions.Individual.Individual object at 0x0000028DF5A44460>, <utils_.cythonFunctions.Individual.Individual object at 0x0000028DF5A44B80>, <utils_.cythonFunctions.Individual.Individual object at 0x0000028DF5A44580>, <utils_.cythonFunctions.Individual.Individual object at 0x0000028DF5A44AC0>, <utils_.cythonFunctions.Individual.Individual object at 0x0000028DF5A445B0>, <utils_.cythonFunctions.Individual.Individual object at 0x0000028DF5A44C70>, <utils_.cythonFunctions.Individual.Individual object at 0x0000028DF5A44F70>, <utils_.cythonFunctions.Individual.Individual object at 0x0000028DF5A448E0>, <utils_.cythonFunctions.Individual.Individual object at 0x0000028DF5A44A90>, <utils_.cythonFunctions.Individual.Individual object at 0x0000028DF5A443A0>, <utils_.cythonFunctions.Individual.Individual object at 0x0000028DF5A44F10>, <utils_.cythonFunctions.Individual.Individual object at 0x0000028DF5A445E0>, <utils_.cythonFunctions.Individual.Individual object at 0x0000028DF5A44BB0>, <utils_.cythonFunctions.Individual.Individual object at 0x0000028DF5A449D0>, <utils_.cythonFunctions.Individual.Individual object at 0x0000028DF5A44E80>, <utils_.cythonFunctions.Individual.Individual object at 0x0000028DF5A44E50>, <utils_.cythonFunctions.Individual.Individual object at 0x0000028DF5A44C10>, <utils_.cythonFunctions.Individual.Individual object at 0x0000028DF5A58160>, <utils_.cythonFunctions.Individual.Individual object at 0x0000028DF5A580D0>, <utils_.cythonFunctions.Individual.Individual object at 0x0000028DF5A58040>, <utils_.cythonFunctions.Individual.Individual object at 0x0000028DF5A58340>, <utils_.cythonFunctions.Individual.Individual object at 0x0000028DF5A58370>, <utils_.cythonFunctions.Individual.Individual object at 0x0000028DF5A581F0>, <utils_.cythonFunctions.Individual.Individual object at 0x0000028DF5A58460>, <utils_.cythonFunctions.Individual.Individual object at 0x0000028DF5A583D0>, <utils_.cythonFunctions.Individual.Individual object at 0x0000028DF5A587F0>, <utils_.cythonFunctions.Individual.Individual object at 0x0000028DF5A584C0>, <utils_.cythonFunctions.Individual.Individual object at 0x0000028DF5A58310>, <utils_.cythonFunctions.Individual.Individual object at 0x0000028DF5A58430>, <utils_.cythonFunctions.Individual.Individual object at 0x0000028DF5A584F0>, <utils_.cythonFunctions.Individual.Individual object at 0x0000028DF5A588E0>, <utils_.cythonFunctions.Individual.Individual object at 0x0000028DF5A58760>, <utils_.cythonFunctions.Individual.Individual object at 0x0000028DF5A58730>, <utils_.cythonFunctions.Individual.Individual object at 0x0000028DF5A580A0>, <utils_.cythonFunctions.Individual.Individual object at 0x0000028DF5A581C0>, <utils_.cythonFunctions.Individual.Individual object at 0x0000028DF5A589D0>, <utils_.cythonFunctions.Individual.Individual object at 0x0000028DF5A58DF0>, <utils_.cythonFunctions.Individual.Individual object at 0x0000028DF5A58FD0>, <utils_.cythonFunctions.Individual.Individual object at 0x0000028DF5A589A0>, <utils_.cythonFunctions.Individual.Individual object at 0x0000028DF5A58520>, <utils_.cythonFunctions.Individual.Individual object at 0x0000028DF5A58B50>, <utils_.cythonFunctions.Individual.Individual object at 0x0000028DF5A58130>, <utils_.cythonFunctions.Individual.Individual object at 0x0000028DF5A58850>, <utils_.cythonFunctions.Individual.Individual object at 0x0000028DF5A58AF0>, <utils_.cythonFunctions.Individual.Individual object at 0x0000028DF5A58BB0>, <utils_.cythonFunctions.Individual.Individual object at 0x0000028DF5A586A0>, <utils_.cythonFunctions.Individual.Individual object at 0x0000028DF5A58670>, <utils_.cythonFunctions.Individual.Individual object at 0x0000028DF5A58EB0>, <utils_.cythonFunctions.Individual.Individual object at 0x0000028DF5A58BE0>, <utils_.cythonFunctions.Individual.Individual object at 0x0000028DF5A58C70>, <utils_.cythonFunctions.Individual.Individual object at 0x0000028DF5A58CA0>, <utils_.cythonFunctions.Individual.Individual object at 0x0000028DF5A58910>, <utils_.cythonFunctions.Individual.Individual object at 0x0000028DF5A58A00>, <utils_.cythonFunctions.Individual.Individual object at 0x0000028DF5A58D30>, <utils_.cythonFunctions.Individual.Individual object at 0x0000028DF5A58970>, <utils_.cythonFunctions.Individual.Individual object at 0x0000028DF5A58F70>, <utils_.cythonFunctions.Individual.Individual object at 0x0000028DF5A58F10>, <utils_.cythonFunctions.Individual.Individual object at 0x0000028DF5A58B80>, <utils_.cythonFunctions.Individual.Individual object at 0x0000028DF5A58D90>, <utils_.cythonFunctions.Individual.Individual object at 0x0000028DF5A37160>, <utils_.cythonFunctions.Individual.Individual object at 0x0000028DF5A370D0>, <utils_.cythonFunctions.Individual.Individual object at 0x0000028DF5A372B0>, <utils_.cythonFunctions.Individual.Individual object at 0x0000028DF5A37250>, <utils_.cythonFunctions.Individual.Individual object at 0x0000028DF5A37370>, <utils_.cythonFunctions.Individual.Individual object at 0x0000028DF5A37310>, <utils_.cythonFunctions.Individual.Individual object at 0x0000028DF5A371F0>, <utils_.cythonFunctions.Individual.Individual object at 0x0000028DF5A373D0>, <utils_.cythonFunctions.Individual.Individual object at 0x0000028DF5A377F0>, <utils_.cythonFunctions.Individual.Individual object at 0x0000028DF5A37490>, <utils_.cythonFunctions.Individual.Individual object at 0x0000028DF5A371C0>, <utils_.cythonFunctions.Individual.Individual object at 0x0000028DF5A37040>, <utils_.cythonFunctions.Individual.Individual object at 0x0000028DF5A378E0>, <utils_.cythonFunctions.Individual.Individual object at 0x0000028DF5A370A0>, <utils_.cythonFunctions.Individual.Individual object at 0x0000028DF5A37070>, <utils_.cythonFunctions.Individual.Individual object at 0x0000028DF5A379D0>, <utils_.cythonFunctions.Individual.Individual object at 0x0000028DF5A37A00>, <utils_.cythonFunctions.Individual.Individual object at 0x0000028DF5A37D30>, <utils_.cythonFunctions.Individual.Individual object at 0x0000028DF5A37640>, <utils_.cythonFunctions.Individual.Individual object at 0x0000028DF5A374F0>, <utils_.cythonFunctions.Individual.Individual object at 0x0000028DF5A37AF0>, <utils_.cythonFunctions.Individual.Individual object at 0x0000028DF5A37760>, <utils_.cythonFunctions.Individual.Individual object at 0x0000028DF5A37E80>, <utils_.cythonFunctions.Individual.Individual object at 0x0000028DF5A37D90>, <utils_.cythonFunctions.Individual.Individual object at 0x0000028DF5A37D60>, <utils_.cythonFunctions.Individual.Individual object at 0x0000028DF5A37910>, <utils_.cythonFunctions.Individual.Individual object at 0x0000028DF5A37880>, <utils_.cythonFunctions.Individual.Individual object at 0x0000028DF5A37BB0>, <utils_.cythonFunctions.Individual.Individual object at 0x0000028DF5A37E50>, <utils_.cythonFunctions.Individual.Individual object at 0x0000028DF5A37A90>, <utils_.cythonFunctions.Individual.Individual object at 0x0000028DF5A375E0>, <utils_.cythonFunctions.Individual.Individual object at 0x0000028DF5A37FD0>, <utils_.cythonFunctions.Individual.Individual object at 0x0000028DF5A376D0>, <utils_.cythonFunctions.Individual.Individual object at 0x0000028DF5A37F40>, <utils_.cythonFunctions.Individual.Individual object at 0x0000028DF5A37730>, <utils_.cythonFunctions.Individual.Individual object at 0x0000028DF5A376A0>, <utils_.cythonFunctions.Individual.Individual object at 0x0000028DF5A37F10>, <utils_.cythonFunctions.Individual.Individual object at 0x0000028DF5A37DF0>, <utils_.cythonFunctions.Individual.Individual object at 0x0000028DF5A37FA0>, <utils_.cythonFunctions.Individual.Individual object at 0x0000028DF5A37970>, <utils_.cythonFunctions.Individual.Individual object at 0x0000028DF5A37580>, <utils_.cythonFunctions.Individual.Individual object at 0x0000028DF5A37BE0>, <utils_.cythonFunctions.Individual.Individual object at 0x0000028DF5A4F070>, <utils_.cythonFunctions.Individual.Individual object at 0x0000028DF5A4F2B0>, <utils_.cythonFunctions.Individual.Individual object at 0x0000028DF5A4F190>, <utils_.cythonFunctions.Individual.Individual object at 0x0000028DF5A4F370>, <utils_.cythonFunctions.Individual.Individual object at 0x0000028DF5A4F340>, <utils_.cythonFunctions.Individual.Individual object at 0x0000028DF5A4F3A0>, <utils_.cythonFunctions.Individual.Individual object at 0x0000028DF5A4F760>, <utils_.cythonFunctions.Individual.Individual object at 0x0000028DF5A4F400>, <utils_.cythonFunctions.Individual.Individual object at 0x0000028DF1C0B460>, <utils_.cythonFunctions.Individual.Individual object at 0x0000028DF4B71220>, <utils_.cythonFunctions.Individual.Individual object at 0x0000028DF3B4F820>, <utils_.cythonFunctions.Individual.Individual object at 0x0000028DF3C4D610>, <utils_.cythonFunctions.Individual.Individual object at 0x0000028DF1B5B4F0>, <utils_.cythonFunctions.Individual.Individual object at 0x0000028DF4AC71C0>, <utils_.cythonFunctions.Individual.Individual object at 0x0000028DF4B71250>, <utils_.cythonFunctions.Individual.Individual object at 0x0000028DF4B71160>, <utils_.cythonFunctions.Individual.Individual object at 0x0000028DF5CCC910>, <utils_.cythonFunctions.Individual.Individual object at 0x0000028DF5CCC2B0>, <utils_.cythonFunctions.Individual.Individual object at 0x0000028DF5CCC040>, <utils_.cythonFunctions.Individual.Individual object at 0x0000028DF5CCC310>, <utils_.cythonFunctions.Individual.Individual object at 0x0000028DF5CCA610>, <utils_.cythonFunctions.Individual.Individual object at 0x0000028DF5CCAE50>, <utils_.cythonFunctions.Individual.Individual object at 0x0000028DF5CCAA00>, <utils_.cythonFunctions.Individual.Individual object at 0x0000028DF5CCA970>, <utils_.cythonFunctions.Individual.Individual object at 0x0000028DF5CCA2E0>, <utils_.cythonFunctions.Individual.Individual object at 0x0000028DF5CCA4C0>, <utils_.cythonFunctions.Individual.Individual object at 0x0000028DF5CCA1F0>, <utils_.cythonFunctions.Individual.Individual object at 0x0000028DF5CCAEE0>, <utils_.cythonFunctions.Individual.Individual object at 0x0000028DF5CCA3D0>, <utils_.cythonFunctions.Individual.Individual object at 0x0000028DF5CCAFA0>, <utils_.cythonFunctions.Individual.Individual object at 0x0000028DF5CCA7F0>, <utils_.cythonFunctions.Individual.Individual object at 0x0000028DF5CCA490>, <utils_.cythonFunctions.Individual.Individual object at 0x0000028DF5CCAA90>, <utils_.cythonFunctions.Individual.Individual object at 0x0000028DF5CCAEB0>, <utils_.cythonFunctions.Individual.Individual object at 0x0000028DF5CCAE80>, <utils_.cythonFunctions.Individual.Individual object at 0x0000028DF5CCA070>, <utils_.cythonFunctions.Individual.Individual object at 0x0000028DF5CCACD0>, <utils_.cythonFunctions.Individual.Individual object at 0x0000028DF5CCA850>, <utils_.cythonFunctions.Individual.Individual object at 0x0000028DF5CCA160>, <utils_.cythonFunctions.Individual.Individual object at 0x0000028DF5CCAD90>, <utils_.cythonFunctions.Individual.Individual object at 0x0000028DF5CCAB50>, <utils_.cythonFunctions.Individual.Individual object at 0x0000028DF5CCA880>, <utils_.cythonFunctions.Individual.Individual object at 0x0000028DF5CCAAF0>, <utils_.cythonFunctions.Individual.Individual object at 0x0000028DF5CCAC70>, <utils_.cythonFunctions.Individual.Individual object at 0x0000028DF5CCABB0>, <utils_.cythonFunctions.Individual.Individual object at 0x0000028DF5CAF490>, <utils_.cythonFunctions.Individual.Individual object at 0x0000028DF5CAF730>, <utils_.cythonFunctions.Individual.Individual object at 0x0000028DF5CAF9A0>, <utils_.cythonFunctions.Individual.Individual object at 0x0000028DF5CAF430>, <utils_.cythonFunctions.Individual.Individual object at 0x0000028DF5CAFC10>, <utils_.cythonFunctions.Individual.Individual object at 0x0000028DF5CAF8E0>, <utils_.cythonFunctions.Individual.Individual object at 0x0000028DF5CAF5E0>, <utils_.cythonFunctions.Individual.Individual object at 0x0000028DF5CAFD90>, <utils_.cythonFunctions.Individual.Individual object at 0x0000028DF5CAFE50>, <utils_.cythonFunctions.Individual.Individual object at 0x0000028DF5CAF580>, <utils_.cythonFunctions.Individual.Individual object at 0x0000028DF5CAFD60>, <utils_.cythonFunctions.Individual.Individual object at 0x0000028DF5CAF910>, <utils_.cythonFunctions.Individual.Individual object at 0x0000028DF5CAF790>, <utils_.cythonFunctions.Individual.Individual object at 0x0000028DF5CAF820>, <utils_.cythonFunctions.Individual.Individual object at 0x0000028DF5CAF160>, <utils_.cythonFunctions.Individual.Individual object at 0x0000028DF5CAFDC0>, <utils_.cythonFunctions.Individual.Individual object at 0x0000028DF5CAFF70>, <utils_.cythonFunctions.Individual.Individual object at 0x0000028DF5CAF970>, <utils_.cythonFunctions.Individual.Individual object at 0x0000028DF5CAFE20>, <utils_.cythonFunctions.Individual.Individual object at 0x0000028DF5CAF340>, <utils_.cythonFunctions.Individual.Individual object at 0x0000028DF5CAFF10>, <utils_.cythonFunctions.Individual.Individual object at 0x0000028DF5CAFAC0>, <utils_.cythonFunctions.Individual.Individual object at 0x0000028DF5CAFCD0>, <utils_.cythonFunctions.Individual.Individual object at 0x0000028DF5CAF370>, <utils_.cythonFunctions.Individual.Individual object at 0x0000028DF5CAF4C0>, <utils_.cythonFunctions.Individual.Individual object at 0x0000028DF5CAF0A0>, <utils_.cythonFunctions.Individual.Individual object at 0x0000028DF4CBF310>, <utils_.cythonFunctions.Individual.Individual object at 0x0000028DF4CBF640>, <utils_.cythonFunctions.Individual.Individual object at 0x0000028DF4CBF100>, <utils_.cythonFunctions.Individual.Individual object at 0x0000028DF4CBF160>, <utils_.cythonFunctions.Individual.Individual object at 0x0000028DF4CBF2B0>, <utils_.cythonFunctions.Individual.Individual object at 0x0000028DF4CBF2E0>, <utils_.cythonFunctions.Individual.Individual object at 0x0000028DF4CBF370>, <utils_.cythonFunctions.Individual.Individual object at 0x0000028DF4CBF5B0>, <utils_.cythonFunctions.Individual.Individual object at 0x0000028DF4CBF730>, <utils_.cythonFunctions.Individual.Individual object at 0x0000028DF4CBF3D0>, <utils_.cythonFunctions.Individual.Individual object at 0x0000028DF4CBF130>, <utils_.cythonFunctions.Individual.Individual object at 0x0000028DF4CBF700>, <utils_.cythonFunctions.Individual.Individual object at 0x0000028DF4CBF1C0>, <utils_.cythonFunctions.Individual.Individual object at 0x0000028DF4CBF0D0>, <utils_.cythonFunctions.Individual.Individual object at 0x0000028DF4CBF3A0>, <utils_.cythonFunctions.Individual.Individual object at 0x0000028DF4CBF340>, <utils_.cythonFunctions.Individual.Individual object at 0x0000028DF4CBF910>, <utils_.cythonFunctions.Individual.Individual object at 0x0000028DF4CBF4C0>, <utils_.cythonFunctions.Individual.Individual object at 0x0000028DF4CBF670>, <utils_.cythonFunctions.Individual.Individual object at 0x0000028DF4CBF040>, <utils_.cythonFunctions.Individual.Individual object at 0x0000028DF4CBF8B0>]
===================================================================
Generation: 0 BTCUSDT spot 4 1 Ago, 2020-1 Mar, 2021 Individues:300 Size:50 Generations:10000
===================================================================
selecting individuals : 300
Grabbing a batch of: 300
mutating individuals.......
generating crossover.......
recalculate phenotypes and score .......
Top 10:
Score:0 -> (5,(greaterThan(r['volatility_bbl'],r['volume_nvi']) or (smallerThan(r_ant['volume_mfi'],r_ant['momentum_roc']) or (smallerThan(r_ant['volatility_kchi'],r['trend_ichimoku_a']) and greaterThan(r_ant['momentum_tsi'],r_ant['volatility_bbh'])))),r['trend_aroon_ind'],r['volume_sma_em'])
Score:0 -> (5,smallerThan(r['volume_mfi'],r['volatility_kcp']),r['volatility_dcp'],r['volatility_kchi'])
Score:0 -> (5,greaterThan(r_ant['volatility_atr'],r['trend_dpo']),r['volume_cmf'],r['trend_kst_sig'])
Score:0 -> (5,(greaterThan(r['trend_psar_up'],r_ant['trend_ichimoku_b']) and (greaterThan(r['Volume'],r_ant['trend_macd']) and (greaterThan(r['volatility_kcli'],r['momentum_wr']) and greaterThan(r_ant['trend_visual_ichimoku_b'],r_ant['volume_fi'])))),r_ant['trend_ichimoku_b'],r_ant['momentum_roc'])
Score:0 -> (5,greaterThan(r_ant['trend_aroon_down'],r['trend_aroon_down']),r['trend_ichimoku_b'],r_ant['momentum_ppo_hist'])
Score:0 -> (5,greaterThan(r['volatility_kcp'],r['volatility_dcm']),r_ant['momentum_stoch_rsi_d'],r['Low'])
Score:0 -> (5,(smallerThan(r['volume_vwap'],r_ant['trend_ema_slow']) and (smallerThan(r['trend_ema_fast'],r['trend_ichimoku_conv']) or greaterThan(r['trend_sma_fast'],r_ant['trend_vortex_ind_diff']))),r_ant['momentum_stoch_signal'],r['trend_kst_sig'])
Score:0 -> (5,(greaterThan(r_ant['volatility_bbh'],r['volume_nvi']) and (greaterThan(r_ant['volume_vpt'],r['trend_ichimoku_base']) or (smallerThan(r['trend_macd_diff'],r['momentum_ppo_signal']) and (smallerThan(r_ant['volume_nvi'],r_ant['momentum_ao']) or (greaterThan(r['volatility_kchi'],r_ant['volatility_atr']) or smallerThan(r_ant['volatility_kcl'],r['volume_adi'])))))),<sp_buy>,<tp_buy>)
Score:0 -> (5,greaterThan(r_ant['trend_aroon_up'],r['momentum_ao']),r_ant['momentum_stoch_signal'],r_ant['volatility_bbw'])
===================================================================
Generation: 1 BTCUSDT spot 4 1 Ago, 2020-1 Mar, 2021 Individues:300 Size:50 Generations:10000
===================================================================
selecting individuals : 300
Grabbing a batch of: 300
mutating individuals.......
generating crossover.......
recalculate phenotypes and score .......
Top 10:
Score:2.6447364533718405 -> (5,(greaterThan(r_ant['trend_psar_down_indicator'],r_ant['volatility_bbm']) or (smallerThan(r_ant['momentum_uo'],r_ant['momentum_stoch']) and greaterThan(r['volatility_kch'],r['trend_adx']))),r['trend_psar_up_indicator'],r['volume_em'])
Score:0 -> (5,(greaterThan(r['volatility_bbl'],r['volume_nvi']) or (smallerThan(r_ant['volume_mfi'],r_ant['momentum_roc']) or (smallerThan(r_ant['volatility_kchi'],r['trend_ichimoku_a']) and greaterThan(r_ant['momentum_tsi'],r_ant['volatility_bbh'])))),r['trend_aroon_ind'],r['volume_sma_em'])
Score:0 -> (5,smallerThan(r['volume_mfi'],r['volatility_kcp']),r['volatility_dcp'],r['volatility_kchi'])
Score:0 -> (5,greaterThan(r_ant['volatility_atr'],r['trend_dpo']),r['volume_cmf'],r['trend_kst_sig'])
Score:0 -> (5,(greaterThan(r['trend_psar_up'],r_ant['trend_ichimoku_b']) and (greaterThan(r['Volume'],r_ant['trend_macd']) and (greaterThan(r['volatility_kcli'],r['momentum_wr']) and greaterThan(r_ant['trend_visual_ichimoku_b'],r_ant['volume_fi'])))),r_ant['trend_ichimoku_b'],r_ant['momentum_roc'])
Score:0 -> (5,greaterThan(r_ant['trend_aroon_down'],r['trend_aroon_down']),r['trend_ichimoku_b'],r_ant['momentum_ppo_hist'])
Score:0 -> (5,greaterThan(r['volatility_kcp'],r['volatility_dcm']),r_ant['momentum_stoch_rsi_d'],r['Low'])
Score:0 -> (5,(smallerThan(r['volume_vwap'],r_ant['trend_ema_slow']) and (smallerThan(r['trend_ema_fast'],r['trend_ichimoku_conv']) or greaterThan(r['trend_sma_fast'],r_ant['trend_vortex_ind_diff']))),r_ant['momentum_stoch_signal'],r['trend_kst_sig'])
Score:0 -> (5,(greaterThan(r_ant['volatility_bbh'],r['volume_nvi']) and (greaterThan(r_ant['volume_vpt'],r['trend_ichimoku_base']) or (smallerThan(r['trend_macd_diff'],r['momentum_ppo_signal']) and (smallerThan(r_ant['volume_nvi'],r_ant['momentum_ao']) or (greaterThan(r['volatility_kchi'],r_ant['volatility_atr']) or smallerThan(r_ant['volatility_kcl'],r['volume_adi'])))))),<sp_buy>,<tp_buy>)
===================================================================
Generation: 2 BTCUSDT spot 4 1 Ago, 2020-1 Mar, 2021 Individues:300 Size:50 Generations:10000
===================================================================
selecting individuals : 300
Grabbing a batch of: 300
mutating individuals.......
generating crossover.......
recalculate phenotypes and score .......
Top 10:
Score:196.15442578573112 -> (5,(smallerThan(r['trend_kst_diff'],r['volatility_bbp']) and (smallerThan(r['volume_vpt'],r['trend_ichimoku_b']) or (greaterThan(r_ant['trend_psar_down'],r['trend_kst']) and (greaterThan(r['volume_vwap'],r['volatility_bbli']) or greaterThan(r_ant['momentum_uo'],r['trend_psar_up_indicator']))))),r['volatility_kchi'],r_ant['trend_sma_fast'])
Score:2.6447364533718405 -> (5,(greaterThan(r_ant['trend_psar_down_indicator'],r_ant['volatility_bbm']) or (smallerThan(r_ant['momentum_uo'],r_ant['momentum_stoch']) and greaterThan(r['volatility_kch'],r['trend_adx']))),r['trend_psar_up_indicator'],r['volume_em'])
Score:0 -> (5,(greaterThan(r['volatility_bbl'],r['volume_nvi']) or (smallerThan(r_ant['volume_mfi'],r_ant['momentum_roc']) or (smallerThan(r_ant['volatility_kchi'],r['trend_ichimoku_a']) and greaterThan(r_ant['momentum_tsi'],r_ant['volatility_bbh'])))),r['trend_aroon_ind'],r['volume_sma_em'])
Score:0 -> (5,smallerThan(r['volume_mfi'],r['volatility_kcp']),r['volatility_dcp'],r['volatility_kchi'])
Score:0 -> (5,greaterThan(r_ant['volatility_atr'],r['trend_dpo']),r['volume_cmf'],r['trend_kst_sig'])
Score:0 -> (5,(greaterThan(r['trend_psar_up'],r_ant['trend_ichimoku_b']) and (greaterThan(r['Volume'],r_ant['trend_macd']) and (greaterThan(r['volatility_kcli'],r['momentum_wr']) and greaterThan(r_ant['trend_visual_ichimoku_b'],r_ant['volume_fi'])))),r_ant['trend_ichimoku_b'],r_ant['momentum_roc'])
Score:0 -> (5,greaterThan(r_ant['trend_aroon_down'],r['trend_aroon_down']),r['trend_ichimoku_b'],r_ant['momentum_ppo_hist'])
Score:0 -> (5,greaterThan(r['volatility_kcp'],r['volatility_dcm']),r_ant['momentum_stoch_rsi_d'],r['Low'])
Score:0 -> (5,(smallerThan(r['volume_vwap'],r_ant['trend_ema_slow']) and (smallerThan(r['trend_ema_fast'],r['trend_ichimoku_conv']) or greaterThan(r['trend_sma_fast'],r_ant['trend_vortex_ind_diff']))),r_ant['momentum_stoch_signal'],r['trend_kst_sig'])
===================================================================
Generation: 3 BTCUSDT spot 4 1 Ago, 2020-1 Mar, 2021 Individues:300 Size:50 Generations:10000
===================================================================
selecting individuals : 300
Grabbing a batch of: 300
mutating individuals.......
generating crossover.......
recalculate phenotypes and score .......
Top 10:
Score:196.15442578573112 -> (5,(smallerThan(r['trend_kst_diff'],r['volatility_bbp']) and (smallerThan(r['volume_vpt'],r['trend_ichimoku_b']) or (greaterThan(r_ant['trend_psar_down'],r['trend_kst']) and (greaterThan(r['volume_vwap'],r['volatility_bbli']) or greaterThan(r_ant['momentum_uo'],r['trend_psar_up_indicator']))))),r['volatility_kchi'],r_ant['trend_sma_fast'])
Score:2.6447364533718405 -> (5,(greaterThan(r_ant['trend_psar_down_indicator'],r_ant['volatility_bbm']) or (smallerThan(r_ant['momentum_uo'],r_ant['momentum_stoch']) and greaterThan(r['volatility_kch'],r['trend_adx']))),r['trend_psar_up_indicator'],r['volume_em'])
Score:0 -> (5,(greaterThan(r['volatility_bbl'],r['volume_nvi']) or (smallerThan(r_ant['volume_mfi'],r_ant['momentum_roc']) or (smallerThan(r_ant['volatility_kchi'],r['trend_ichimoku_a']) and greaterThan(r_ant['momentum_tsi'],r_ant['volatility_bbh'])))),r['trend_aroon_ind'],r['volume_sma_em'])
Score:0 -> (5,smallerThan(r['volume_mfi'],r['volatility_kcp']),r['volatility_dcp'],r['volatility_kchi'])
Score:0 -> (5,greaterThan(r_ant['volatility_atr'],r['trend_dpo']),r['volume_cmf'],r['trend_kst_sig'])
Score:0 -> (5,(greaterThan(r['trend_psar_up'],r_ant['trend_ichimoku_b']) and (greaterThan(r['Volume'],r_ant['trend_macd']) and (greaterThan(r['volatility_kcli'],r['momentum_wr']) and greaterThan(r_ant['trend_visual_ichimoku_b'],r_ant['volume_fi'])))),r_ant['trend_ichimoku_b'],r_ant['momentum_roc'])
Score:0 -> (5,greaterThan(r_ant['trend_aroon_down'],r['trend_aroon_down']),r['trend_ichimoku_b'],r_ant['momentum_ppo_hist'])
Score:0 -> (5,greaterThan(r['volatility_kcp'],r['volatility_dcm']),r_ant['momentum_stoch_rsi_d'],r['Low'])
Score:0 -> (5,(smallerThan(r['volume_vwap'],r_ant['trend_ema_slow']) and (smallerThan(r['trend_ema_fast'],r['trend_ichimoku_conv']) or greaterThan(r['trend_sma_fast'],r_ant['trend_vortex_ind_diff']))),r_ant['momentum_stoch_signal'],r['trend_kst_sig'])
===================================================================
Generation: 4 BTCUSDT spot 4 1 Ago, 2020-1 Mar, 2021 Individues:300 Size:50 Generations:10000
===================================================================
selecting individuals : 300
Grabbing a batch of: 300
mutating individuals.......
generating crossover.......
recalculate phenotypes and score .......
Top 10:
Score:196.15442578573112 -> (5,(smallerThan(r['trend_kst_diff'],r['volatility_bbp']) and (smallerThan(r['volume_vpt'],r['trend_ichimoku_b']) or (greaterThan(r_ant['trend_psar_down'],r['trend_kst']) and (greaterThan(r['volume_vwap'],r['volatility_bbli']) or greaterThan(r_ant['momentum_uo'],r['trend_psar_up_indicator']))))),r['volatility_kchi'],r_ant['trend_sma_fast'])
Score:2.6447364533718405 -> (5,(greaterThan(r_ant['trend_psar_down_indicator'],r_ant['volatility_bbm']) or (smallerThan(r_ant['momentum_uo'],r_ant['momentum_stoch']) and greaterThan(r['volatility_kch'],r['trend_adx']))),r['trend_psar_up_indicator'],r['volume_em'])
Score:0 -> (5,(greaterThan(r['volatility_bbl'],r['volume_nvi']) or (smallerThan(r_ant['volume_mfi'],r_ant['momentum_roc']) or (smallerThan(r_ant['volatility_kchi'],r['trend_ichimoku_a']) and greaterThan(r_ant['momentum_tsi'],r_ant['volatility_bbh'])))),r['trend_aroon_ind'],r['volume_sma_em'])
Score:0 -> (5,smallerThan(r['volume_mfi'],r['volatility_kcp']),r['volatility_dcp'],r['volatility_kchi'])
Score:0 -> (5,greaterThan(r_ant['volatility_atr'],r['trend_dpo']),r['volume_cmf'],r['trend_kst_sig'])
Score:0 -> (5,(greaterThan(r['trend_psar_up'],r_ant['trend_ichimoku_b']) and (greaterThan(r['Volume'],r_ant['trend_macd']) and (greaterThan(r['volatility_kcli'],r['momentum_wr']) and greaterThan(r_ant['trend_visual_ichimoku_b'],r_ant['volume_fi'])))),r_ant['trend_ichimoku_b'],r_ant['momentum_roc'])
Score:0 -> (5,greaterThan(r_ant['trend_aroon_down'],r['trend_aroon_down']),r['trend_ichimoku_b'],r_ant['momentum_ppo_hist'])
Score:0 -> (5,greaterThan(r['volatility_kcp'],r['volatility_dcm']),r_ant['momentum_stoch_rsi_d'],r['Low'])
Score:0 -> (5,(smallerThan(r['volume_vwap'],r_ant['trend_ema_slow']) and (smallerThan(r['trend_ema_fast'],r['trend_ichimoku_conv']) or greaterThan(r['trend_sma_fast'],r_ant['trend_vortex_ind_diff']))),r_ant['momentum_stoch_signal'],r['trend_kst_sig'])
===================================================================
Generation: 5 BTCUSDT spot 4 1 Ago, 2020-1 Mar, 2021 Individues:300 Size:50 Generations:10000
===================================================================
selecting individuals : 300
Grabbing a batch of: 300
mutating individuals.......
generating crossover.......
recalculate phenotypes and score .......
Top 10:
Score:4431.334311705997 -> (5,(greaterThan(r_ant['trend_psar_down_indicator'],r_ant['volatility_bbm']) or (smallerThan(r_ant['momentum_uo'],r['momentum_stoch_signal']) and greaterThan(r['volatility_kch'],r['trend_adx']))),r['trend_psar_up_indicator'],r['volume_em'])
Score:196.15442578573112 -> (5,(smallerThan(r['trend_kst_diff'],r['volatility_bbp']) and (smallerThan(r['volume_vpt'],r['trend_ichimoku_b']) or (greaterThan(r_ant['trend_psar_down'],r['trend_kst']) and (greaterThan(r['volume_vwap'],r['volatility_bbli']) or greaterThan(r_ant['momentum_uo'],r['trend_psar_up_indicator']))))),r['volatility_kchi'],r_ant['trend_sma_fast'])
Score:2.6447364533718405 -> (5,(greaterThan(r_ant['trend_psar_down_indicator'],r_ant['volatility_bbm']) or (smallerThan(r_ant['momentum_uo'],r_ant['momentum_stoch']) and greaterThan(r['volatility_kch'],r['trend_adx']))),r['trend_psar_up_indicator'],r['volume_em'])
Score:0 -> (5,(greaterThan(r['volatility_bbl'],r['volume_nvi']) or (smallerThan(r_ant['volume_mfi'],r_ant['momentum_roc']) or (smallerThan(r_ant['volatility_kchi'],r['trend_ichimoku_a']) and greaterThan(r_ant['momentum_tsi'],r_ant['volatility_bbh'])))),r['trend_aroon_ind'],r['volume_sma_em'])
Score:0 -> (5,smallerThan(r['volume_mfi'],r['volatility_kcp']),r['volatility_dcp'],r['volatility_kchi'])
Score:0 -> (5,greaterThan(r_ant['volatility_atr'],r['trend_dpo']),r['volume_cmf'],r['trend_kst_sig'])
Score:0 -> (5,(greaterThan(r['trend_psar_up'],r_ant['trend_ichimoku_b']) and (greaterThan(r['Volume'],r_ant['trend_macd']) and (greaterThan(r['volatility_kcli'],r['momentum_wr']) and greaterThan(r_ant['trend_visual_ichimoku_b'],r_ant['volume_fi'])))),r_ant['trend_ichimoku_b'],r_ant['momentum_roc'])
Score:0 -> (5,greaterThan(r_ant['trend_aroon_down'],r['trend_aroon_down']),r['trend_ichimoku_b'],r_ant['momentum_ppo_hist'])
Score:0 -> (5,greaterThan(r['volatility_kcp'],r['volatility_dcm']),r_ant['momentum_stoch_rsi_d'],r['Low'])
===================================================================
Generation: 6 BTCUSDT spot 4 1 Ago, 2020-1 Mar, 2021 Individues:300 Size:50 Generations:10000
===================================================================
selecting individuals : 300
Grabbing a batch of: 300
mutating individuals.......
generating crossover.......
recalculate phenotypes and score .......
Top 10:
Score:4431.334311705997 -> (5,(greaterThan(r_ant['trend_psar_down_indicator'],r_ant['volatility_bbm']) or (smallerThan(r_ant['momentum_uo'],r['momentum_stoch_signal']) and greaterThan(r['volatility_kch'],r['trend_adx']))),r['trend_psar_up_indicator'],r['volume_em'])
Score:196.15442578573112 -> (5,(smallerThan(r['trend_kst_diff'],r['volatility_bbp']) and (smallerThan(r['volume_vpt'],r['trend_ichimoku_b']) or (greaterThan(r_ant['trend_psar_down'],r['trend_kst']) and (greaterThan(r['volume_vwap'],r['volatility_bbli']) or greaterThan(r_ant['momentum_uo'],r['trend_psar_up_indicator']))))),r['volatility_kchi'],r_ant['trend_sma_fast'])
Score:196.15442578573112 -> (5,(smallerThan(r['trend_kst_diff'],r['volatility_bbp']) and (smallerThan(r['volume_mfi'],r['trend_ichimoku_b']) or (greaterThan(r_ant['trend_psar_down'],r['volatility_dcl']) and (greaterThan(r['volume_vwap'],r['volatility_bbli']) or greaterThan(r_ant['momentum_uo'],r['trend_psar_up_indicator']))))),r['volatility_kchi'],r_ant['trend_sma_fast'])
Score:2.6447364533718405 -> (5,(greaterThan(r_ant['trend_psar_down_indicator'],r_ant['volatility_bbm']) or (smallerThan(r_ant['momentum_uo'],r_ant['momentum_stoch']) and greaterThan(r['volatility_kch'],r['trend_adx']))),r['trend_psar_up_indicator'],r['volume_em'])
Score:0 -> (5,(greaterThan(r['volatility_bbl'],r['volume_nvi']) or (smallerThan(r_ant['volume_mfi'],r_ant['momentum_roc']) or (smallerThan(r_ant['volatility_kchi'],r['trend_ichimoku_a']) and greaterThan(r_ant['momentum_tsi'],r_ant['volatility_bbh'])))),r['trend_aroon_ind'],r['volume_sma_em'])
Score:0 -> (5,smallerThan(r['volume_mfi'],r['volatility_kcp']),r['volatility_dcp'],r['volatility_kchi'])
Score:0 -> (5,greaterThan(r_ant['volatility_atr'],r['trend_dpo']),r['volume_cmf'],r['trend_kst_sig'])
Score:0 -> (5,(greaterThan(r['trend_psar_up'],r_ant['trend_ichimoku_b']) and (greaterThan(r['Volume'],r_ant['trend_macd']) and (greaterThan(r['volatility_kcli'],r['momentum_wr']) and greaterThan(r_ant['trend_visual_ichimoku_b'],r_ant['volume_fi'])))),r_ant['trend_ichimoku_b'],r_ant['momentum_roc'])
Score:0 -> (5,greaterThan(r_ant['trend_aroon_down'],r['trend_aroon_down']),r['trend_ichimoku_b'],r_ant['momentum_ppo_hist'])
===================================================================
Generation: 7 BTCUSDT spot 4 1 Ago, 2020-1 Mar, 2021 Individues:300 Size:50 Generations:10000
===================================================================
selecting individuals : 300
Grabbing a batch of: 300
mutating individuals.......
generating crossover.......
recalculate phenotypes and score .......
Top 10:
Score:4431.334311705997 -> (5,(greaterThan(r_ant['trend_psar_down_indicator'],r_ant['volatility_bbm']) or (smallerThan(r_ant['momentum_uo'],r['momentum_stoch_signal']) and greaterThan(r['volatility_kch'],r['trend_adx']))),r['trend_psar_up_indicator'],r['volume_em'])
Score:196.15442578573112 -> (5,(smallerThan(r['trend_kst_diff'],r['volatility_bbp']) and (smallerThan(r['volume_vpt'],r['trend_ichimoku_b']) or (greaterThan(r_ant['trend_psar_down'],r['trend_kst']) and (greaterThan(r['volume_vwap'],r['volatility_bbli']) or greaterThan(r_ant['momentum_uo'],r['trend_psar_up_indicator']))))),r['volatility_kchi'],r_ant['trend_sma_fast'])
Score:196.15442578573112 -> (5,(smallerThan(r['trend_kst_diff'],r['volatility_bbp']) and (smallerThan(r['volume_mfi'],r['trend_ichimoku_b']) or (greaterThan(r_ant['trend_psar_down'],r['volatility_dcl']) and (greaterThan(r['volume_vwap'],r['volatility_bbli']) or greaterThan(r_ant['momentum_uo'],r['trend_psar_up_indicator']))))),r['volatility_kchi'],r_ant['trend_sma_fast'])
Score:2.6447364533718405 -> (5,(greaterThan(r_ant['trend_psar_down_indicator'],r_ant['volatility_bbm']) or (smallerThan(r_ant['momentum_uo'],r_ant['momentum_stoch']) and greaterThan(r['volatility_kch'],r['trend_adx']))),r['trend_psar_up_indicator'],r['volume_em'])
Score:2.6447364533718405 -> (5,(smallerThan(r['trend_kst_diff'],r_ant['volatility_bbm']) and (smallerThan(r_ant['momentum_uo'],r_ant['momentum_stoch']) and greaterThan(r['volatility_kch'],r['trend_adx']))),r['trend_psar_up_indicator'],r['volume_em'])
Score:0 -> (5,(greaterThan(r['volatility_bbl'],r['volume_nvi']) or (smallerThan(r_ant['volume_mfi'],r_ant['momentum_roc']) or (smallerThan(r_ant['volatility_kchi'],r['trend_ichimoku_a']) and greaterThan(r_ant['momentum_tsi'],r_ant['volatility_bbh'])))),r['trend_aroon_ind'],r['volume_sma_em'])
Score:0 -> (5,smallerThan(r['volume_mfi'],r['volatility_kcp']),r['volatility_dcp'],r['volatility_kchi'])
Score:0 -> (5,greaterThan(r_ant['volatility_atr'],r['trend_dpo']),r['volume_cmf'],r['trend_kst_sig'])
Score:0 -> (5,(greaterThan(r['trend_psar_up'],r_ant['trend_ichimoku_b']) and (greaterThan(r['Volume'],r_ant['trend_macd']) and (greaterThan(r['volatility_kcli'],r['momentum_wr']) and greaterThan(r_ant['trend_visual_ichimoku_b'],r_ant['volume_fi'])))),r_ant['trend_ichimoku_b'],r_ant['momentum_roc'])
===================================================================
Generation: 8 BTCUSDT spot 4 1 Ago, 2020-1 Mar, 2021 Individues:300 Size:50 Generations:10000
===================================================================
selecting individuals : 300
Grabbing a batch of: 300
mutating individuals.......
generating crossover.......
recalculate phenotypes and score .......
Top 10:
Score:4431.334311705997 -> (5,(greaterThan(r_ant['trend_psar_down_indicator'],r_ant['volatility_bbm']) or (smallerThan(r_ant['momentum_uo'],r['momentum_stoch_signal']) and greaterThan(r['volatility_kch'],r['trend_adx']))),r['trend_psar_up_indicator'],r['volume_em'])
Score:196.15442578573112 -> (5,(smallerThan(r['trend_kst_diff'],r['volatility_bbp']) and (smallerThan(r['volume_vpt'],r['trend_ichimoku_b']) or (greaterThan(r_ant['trend_psar_down'],r['trend_kst']) and (greaterThan(r['volume_vwap'],r['volatility_bbli']) or greaterThan(r_ant['momentum_uo'],r['trend_psar_up_indicator']))))),r['volatility_kchi'],r_ant['trend_sma_fast'])
Score:196.15442578573112 -> (5,(smallerThan(r['trend_kst_diff'],r['volatility_bbp']) and (smallerThan(r['volume_mfi'],r['trend_ichimoku_b']) or (greaterThan(r_ant['trend_psar_down'],r['volatility_dcl']) and (greaterThan(r['volume_vwap'],r['volatility_bbli']) or greaterThan(r_ant['momentum_uo'],r['trend_psar_up_indicator']))))),r['volatility_kchi'],r_ant['trend_sma_fast'])
Score:196.15442578573112 -> (5,(smallerThan(r['trend_kst_diff'],r['volatility_bbp']) and (smallerThan(r['volume_vpt'],r['trend_ichimoku_b']) or (greaterThan(r_ant['trend_psar_down'],r['trend_kst']) and (greaterThan(r['volume_vwap'],r['volatility_bbli']) or greaterThan(r['trend_macd'],r['trend_psar_up_indicator']))))),r['volatility_kchi'],r_ant['trend_sma_fast'])
Score:196.15442578573112 -> (5,(smallerThan(r['trend_kst_diff'],r['volatility_bbp']) and (smallerThan(r['volume_vpt'],r['volatility_bbp']) or (smallerThan(r['trend_ema_slow'],r['trend_kst']) or (greaterThan(r['volume_vwap'],r['volatility_bbli']) or greaterThan(r_ant['momentum_uo'],r['trend_psar_up_indicator']))))),r['volatility_kchi'],r_ant['trend_sma_fast'])
Score:2.6447364533718405 -> (5,(greaterThan(r_ant['trend_psar_down_indicator'],r_ant['volatility_bbm']) or (smallerThan(r_ant['momentum_uo'],r_ant['momentum_stoch']) and greaterThan(r['volatility_kch'],r['trend_adx']))),r['trend_psar_up_indicator'],r['volume_em'])
Score:2.6447364533718405 -> (5,(smallerThan(r['trend_kst_diff'],r_ant['volatility_bbm']) and (smallerThan(r_ant['momentum_uo'],r_ant['momentum_stoch']) and greaterThan(r['volatility_kch'],r['trend_adx']))),r['trend_psar_up_indicator'],r['volume_em'])
Score:0 -> (5,(greaterThan(r['volatility_bbl'],r['volume_nvi']) or (smallerThan(r_ant['volume_mfi'],r_ant['momentum_roc']) or (smallerThan(r_ant['volatility_kchi'],r['trend_ichimoku_a']) and greaterThan(r_ant['momentum_tsi'],r_ant['volatility_bbh'])))),r['trend_aroon_ind'],r['volume_sma_em'])
Score:0 -> (5,smallerThan(r['volume_mfi'],r['volatility_kcp']),r['volatility_dcp'],r['volatility_kchi'])
===================================================================
Generation: 9 BTCUSDT spot 4 1 Ago, 2020-1 Mar, 2021 Individues:300 Size:50 Generations:10000
===================================================================
selecting individuals : 300
Grabbing a batch of: 300
mutating individuals.......
generating crossover.......
recalculate phenotypes and score .......
Top 10:
Score:25214.401182906913 -> (5,(greaterThan(r_ant['trend_psar_down_indicator'],r['trend_adx_pos']) or (smallerThan(r_ant['momentum_uo'],r['momentum_stoch_signal']) and (greaterThan(r_ant['trend_psar_down'],r['trend_kst']) and (greaterThan(r['volume_vwap'],r['volatility_bbli']) or greaterThan(r_ant['momentum_uo'],r['trend_psar_up_indicator']))))),r['volatility_kchi'],r_ant['trend_sma_fast'])
Score:4431.334311705997 -> (5,(greaterThan(r_ant['trend_psar_down_indicator'],r_ant['volatility_bbm']) or (smallerThan(r_ant['momentum_uo'],r['momentum_stoch_signal']) and greaterThan(r['volatility_kch'],r['trend_adx']))),r['trend_psar_up_indicator'],r['volume_em'])
Score:196.15442578573112 -> (5,(smallerThan(r['trend_kst_diff'],r['volatility_bbp']) and (smallerThan(r['volume_vpt'],r['trend_ichimoku_b']) or (greaterThan(r_ant['trend_psar_down'],r['trend_kst']) and (greaterThan(r['volume_vwap'],r['volatility_bbli']) or greaterThan(r_ant['momentum_uo'],r['trend_psar_up_indicator']))))),r['volatility_kchi'],r_ant['trend_sma_fast'])
Score:196.15442578573112 -> (5,(smallerThan(r['trend_kst_diff'],r['volatility_bbp']) and (smallerThan(r['volume_mfi'],r['trend_ichimoku_b']) or (greaterThan(r_ant['trend_psar_down'],r['volatility_dcl']) and (greaterThan(r['volume_vwap'],r['volatility_bbli']) or greaterThan(r_ant['momentum_uo'],r['trend_psar_up_indicator']))))),r['volatility_kchi'],r_ant['trend_sma_fast'])
Score:196.15442578573112 -> (5,(smallerThan(r['trend_kst_diff'],r['volatility_bbp']) and (smallerThan(r['volume_vpt'],r['trend_ichimoku_b']) or (greaterThan(r_ant['trend_psar_down'],r['trend_kst']) and (greaterThan(r['volume_vwap'],r['volatility_bbli']) or greaterThan(r['trend_macd'],r['trend_psar_up_indicator']))))),r['volatility_kchi'],r_ant['trend_sma_fast'])
Score:196.15442578573112 -> (5,(smallerThan(r['trend_kst_diff'],r['volatility_bbp']) and (smallerThan(r['volume_vpt'],r['volatility_bbp']) or (smallerThan(r['trend_ema_slow'],r['trend_kst']) or (greaterThan(r['volume_vwap'],r['volatility_bbli']) or greaterThan(r_ant['momentum_uo'],r['trend_psar_up_indicator']))))),r['volatility_kchi'],r_ant['trend_sma_fast'])
Score:196.15442578573112 -> (5,(smallerThan(r['trend_kst_diff'],r['volatility_bbp']) and (smallerThan(r['volume_mfi'],r['trend_ichimoku_b']) or (greaterThan(r_ant['trend_psar_down'],r['trend_kst']) and (greaterThan(r['volume_vwap'],r['volatility_bbli']) or greaterThan(r['trend_macd'],r['trend_psar_up_indicator']))))),r['volatility_kchi'],r_ant['trend_sma_fast'])
Score:196.15442578573112 -> (5,(smallerThan(r['trend_kst_diff'],r['volatility_bbp']) and (smallerThan(r['volume_mfi'],r['trend_ichimoku_b']) or (smallerThan(r['trend_ema_slow'],r['trend_kst']) or (greaterThan(r['volume_vwap'],r['volatility_bbli']) or greaterThan(r_ant['momentum_uo'],r['trend_psar_up_indicator']))))),r['volatility_kchi'],r_ant['trend_sma_fast'])
Score:2.6447364533718405 -> (5,(greaterThan(r_ant['trend_psar_down_indicator'],r_ant['volatility_bbm']) or (smallerThan(r_ant['momentum_uo'],r_ant['momentum_stoch']) and greaterThan(r['volatility_kch'],r['trend_adx']))),r['trend_psar_up_indicator'],r['volume_em'])
===================================================================
Generation: 10 BTCUSDT spot 4 1 Ago, 2020-1 Mar, 2021 Individues:300 Size:50 Generations:10000
===================================================================
selecting individuals : 300
Grabbing a batch of: 300
mutating individuals.......
generating crossover.......
recalculate phenotypes and score .......
Top 10:
Score:25214.401182906913 -> (5,(greaterThan(r_ant['trend_psar_down_indicator'],r['trend_adx_pos']) or (smallerThan(r_ant['momentum_uo'],r['momentum_stoch_signal']) and (greaterThan(r_ant['trend_psar_down'],r['trend_kst']) and (greaterThan(r['volume_vwap'],r['volatility_bbli']) or greaterThan(r_ant['momentum_uo'],r['trend_psar_up_indicator']))))),r['volatility_kchi'],r_ant['trend_sma_fast'])
Score:4431.334311705997 -> (5,(greaterThan(r_ant['trend_psar_down_indicator'],r_ant['volatility_bbm']) or (smallerThan(r_ant['momentum_uo'],r['momentum_stoch_signal']) and greaterThan(r['volatility_kch'],r['trend_adx']))),r['trend_psar_up_indicator'],r['volume_em'])
Score:196.15442578573112 -> (5,(smallerThan(r['trend_kst_diff'],r['volatility_bbp']) and (smallerThan(r['volume_vpt'],r['trend_ichimoku_b']) or (greaterThan(r_ant['trend_psar_down'],r['trend_kst']) and (greaterThan(r['volume_vwap'],r['volatility_bbli']) or greaterThan(r_ant['momentum_uo'],r['trend_psar_up_indicator']))))),r['volatility_kchi'],r_ant['trend_sma_fast'])
Score:196.15442578573112 -> (5,(smallerThan(r['trend_kst_diff'],r['volatility_bbp']) and (smallerThan(r['volume_mfi'],r['trend_ichimoku_b']) or (greaterThan(r_ant['trend_psar_down'],r['volatility_dcl']) and (greaterThan(r['volume_vwap'],r['volatility_bbli']) or greaterThan(r_ant['momentum_uo'],r['trend_psar_up_indicator']))))),r['volatility_kchi'],r_ant['trend_sma_fast'])
Score:196.15442578573112 -> (5,(smallerThan(r['trend_kst_diff'],r['volatility_bbp']) and (smallerThan(r['volume_vpt'],r['trend_ichimoku_b']) or (greaterThan(r_ant['trend_psar_down'],r['trend_kst']) and (greaterThan(r['volume_vwap'],r['volatility_bbli']) or greaterThan(r['trend_macd'],r['trend_psar_up_indicator']))))),r['volatility_kchi'],r_ant['trend_sma_fast'])
Score:196.15442578573112 -> (5,(smallerThan(r['trend_kst_diff'],r['volatility_bbp']) and (smallerThan(r['volume_vpt'],r['volatility_bbp']) or (smallerThan(r['trend_ema_slow'],r['trend_kst']) or (greaterThan(r['volume_vwap'],r['volatility_bbli']) or greaterThan(r_ant['momentum_uo'],r['trend_psar_up_indicator']))))),r['volatility_kchi'],r_ant['trend_sma_fast'])
Score:196.15442578573112 -> (5,(smallerThan(r['trend_kst_diff'],r['volatility_bbp']) and (smallerThan(r['volume_mfi'],r['trend_ichimoku_b']) or (greaterThan(r_ant['trend_psar_down'],r['trend_kst']) and (greaterThan(r['volume_vwap'],r['volatility_bbli']) or greaterThan(r['trend_macd'],r['trend_psar_up_indicator']))))),r['volatility_kchi'],r_ant['trend_sma_fast'])
Score:196.15442578573112 -> (5,(smallerThan(r['trend_kst_diff'],r['volatility_bbp']) and (smallerThan(r['volume_mfi'],r['trend_ichimoku_b']) or (smallerThan(r['trend_ema_slow'],r['trend_kst']) or (greaterThan(r['volume_vwap'],r['volatility_bbli']) or greaterThan(r_ant['momentum_uo'],r['trend_psar_up_indicator']))))),r['volatility_kchi'],r_ant['trend_sma_fast'])
Score:196.15442578573112 -> (5,(smallerThan(r['trend_kst_diff'],r['volatility_bbp']) and (smallerThan(r['volume_vpt'],r['trend_ichimoku_b']) or (greaterThan(r_ant['trend_dpo'],r['trend_kst']) and (greaterThan(r['volume_vwap'],r['volatility_bbli']) or greaterThan(r_ant['momentum_uo'],r['trend_psar_up_indicator']))))),r['volatility_kchi'],r['others_cr'])
===================================================================
Generation: 11 BTCUSDT spot 4 1 Ago, 2020-1 Mar, 2021 Individues:300 Size:50 Generations:10000
===================================================================
selecting individuals : 300
Grabbing a batch of: 300
mutating individuals.......
generating crossover.......
recalculate phenotypes and score .......
Top 10:
Score:25214.401182906913 -> (5,(greaterThan(r_ant['trend_psar_down_indicator'],r['trend_adx_pos']) or (smallerThan(r_ant['momentum_uo'],r['momentum_stoch_signal']) and (greaterThan(r_ant['trend_psar_down'],r['trend_kst']) and (greaterThan(r['volume_vwap'],r['volatility_bbli']) or greaterThan(r_ant['momentum_uo'],r['trend_psar_up_indicator']))))),r['volatility_kchi'],r_ant['trend_sma_fast'])
Score:4431.334311705997 -> (5,(greaterThan(r_ant['trend_psar_down_indicator'],r_ant['volatility_bbm']) or (smallerThan(r_ant['momentum_uo'],r['momentum_stoch_signal']) and greaterThan(r['volatility_kch'],r['trend_adx']))),r['trend_psar_up_indicator'],r['volume_em'])
Score:196.15442578573112 -> (5,(smallerThan(r['trend_kst_diff'],r['volatility_bbp']) and (smallerThan(r['volume_vpt'],r['trend_ichimoku_b']) or (greaterThan(r_ant['trend_psar_down'],r['trend_kst']) and (greaterThan(r['volume_vwap'],r['volatility_bbli']) or greaterThan(r_ant['momentum_uo'],r['trend_psar_up_indicator']))))),r['volatility_kchi'],r_ant['trend_sma_fast'])
Score:196.15442578573112 -> (5,(smallerThan(r['trend_kst_diff'],r['volatility_bbp']) and (smallerThan(r['volume_mfi'],r['trend_ichimoku_b']) or (greaterThan(r_ant['trend_psar_down'],r['volatility_dcl']) and (greaterThan(r['volume_vwap'],r['volatility_bbli']) or greaterThan(r_ant['momentum_uo'],r['trend_psar_up_indicator']))))),r['volatility_kchi'],r_ant['trend_sma_fast'])
Score:196.15442578573112 -> (5,(smallerThan(r['trend_kst_diff'],r['volatility_bbp']) and (smallerThan(r['volume_vpt'],r['trend_ichimoku_b']) or (greaterThan(r_ant['trend_psar_down'],r['trend_kst']) and (greaterThan(r['volume_vwap'],r['volatility_bbli']) or greaterThan(r['trend_macd'],r['trend_psar_up_indicator']))))),r['volatility_kchi'],r_ant['trend_sma_fast'])
Score:196.15442578573112 -> (5,(smallerThan(r['trend_kst_diff'],r['volatility_bbp']) and (smallerThan(r['volume_vpt'],r['volatility_bbp']) or (smallerThan(r['trend_ema_slow'],r['trend_kst']) or (greaterThan(r['volume_vwap'],r['volatility_bbli']) or greaterThan(r_ant['momentum_uo'],r['trend_psar_up_indicator']))))),r['volatility_kchi'],r_ant['trend_sma_fast'])
Score:196.15442578573112 -> (5,(smallerThan(r['trend_kst_diff'],r['volatility_bbp']) and (smallerThan(r['volume_mfi'],r['trend_ichimoku_b']) or (greaterThan(r_ant['trend_psar_down'],r['trend_kst']) and (greaterThan(r['volume_vwap'],r['volatility_bbli']) or greaterThan(r['trend_macd'],r['trend_psar_up_indicator']))))),r['volatility_kchi'],r_ant['trend_sma_fast'])
Score:196.15442578573112 -> (5,(smallerThan(r['trend_kst_diff'],r['volatility_bbp']) and (smallerThan(r['volume_mfi'],r['trend_ichimoku_b']) or (smallerThan(r['trend_ema_slow'],r['trend_kst']) or (greaterThan(r['volume_vwap'],r['volatility_bbli']) or greaterThan(r_ant['momentum_uo'],r['trend_psar_up_indicator']))))),r['volatility_kchi'],r_ant['trend_sma_fast'])
Score:196.15442578573112 -> (5,(smallerThan(r['trend_kst_diff'],r['volatility_bbp']) and (smallerThan(r['volume_vpt'],r['trend_ichimoku_b']) or (greaterThan(r_ant['trend_dpo'],r['trend_kst']) and (greaterThan(r['volume_vwap'],r['volatility_bbli']) or greaterThan(r_ant['momentum_uo'],r['trend_psar_up_indicator']))))),r['volatility_kchi'],r['others_cr'])
===================================================================
Generation: 12 BTCUSDT spot 4 1 Ago, 2020-1 Mar, 2021 Individues:300 Size:50 Generations:10000
===================================================================
selecting individuals : 300
Grabbing a batch of: 300
mutating individuals.......
generating crossover.......
recalculate phenotypes and score .......
Top 10:
Score:25214.401182906913 -> (5,(greaterThan(r_ant['trend_psar_down_indicator'],r['trend_adx_pos']) or (smallerThan(r_ant['momentum_uo'],r['momentum_stoch_signal']) and (greaterThan(r_ant['trend_psar_down'],r['trend_kst']) and (greaterThan(r['volume_vwap'],r['volatility_bbli']) or greaterThan(r_ant['momentum_uo'],r['trend_psar_up_indicator']))))),r['volatility_kchi'],r_ant['trend_sma_fast'])
Score:4431.334311705997 -> (5,(greaterThan(r_ant['trend_psar_down_indicator'],r_ant['volatility_bbm']) or (smallerThan(r_ant['momentum_uo'],r['momentum_stoch_signal']) and greaterThan(r['volatility_kch'],r['trend_adx']))),r['trend_psar_up_indicator'],r['volume_em'])
Score:196.15442578573112 -> (5,(smallerThan(r['trend_kst_diff'],r['volatility_bbp']) and (smallerThan(r['volume_vpt'],r['trend_ichimoku_b']) or (greaterThan(r_ant['trend_psar_down'],r['trend_kst']) and (greaterThan(r['volume_vwap'],r['volatility_bbli']) or greaterThan(r_ant['momentum_uo'],r['trend_psar_up_indicator']))))),r['volatility_kchi'],r_ant['trend_sma_fast'])
Score:196.15442578573112 -> (5,(smallerThan(r['trend_kst_diff'],r['volatility_bbp']) and (smallerThan(r['volume_mfi'],r['trend_ichimoku_b']) or (greaterThan(r_ant['trend_psar_down'],r['volatility_dcl']) and (greaterThan(r['volume_vwap'],r['volatility_bbli']) or greaterThan(r_ant['momentum_uo'],r['trend_psar_up_indicator']))))),r['volatility_kchi'],r_ant['trend_sma_fast'])
Score:196.15442578573112 -> (5,(smallerThan(r['trend_kst_diff'],r['volatility_bbp']) and (smallerThan(r['volume_vpt'],r['trend_ichimoku_b']) or (greaterThan(r_ant['trend_psar_down'],r['trend_kst']) and (greaterThan(r['volume_vwap'],r['volatility_bbli']) or greaterThan(r['trend_macd'],r['trend_psar_up_indicator']))))),r['volatility_kchi'],r_ant['trend_sma_fast'])
Score:196.15442578573112 -> (5,(smallerThan(r['trend_kst_diff'],r['volatility_bbp']) and (smallerThan(r['volume_vpt'],r['volatility_bbp']) or (smallerThan(r['trend_ema_slow'],r['trend_kst']) or (greaterThan(r['volume_vwap'],r['volatility_bbli']) or greaterThan(r_ant['momentum_uo'],r['trend_psar_up_indicator']))))),r['volatility_kchi'],r_ant['trend_sma_fast'])
Score:196.15442578573112 -> (5,(smallerThan(r['trend_kst_diff'],r['volatility_bbp']) and (smallerThan(r['volume_mfi'],r['trend_ichimoku_b']) or (greaterThan(r_ant['trend_psar_down'],r['trend_kst']) and (greaterThan(r['volume_vwap'],r['volatility_bbli']) or greaterThan(r['trend_macd'],r['trend_psar_up_indicator']))))),r['volatility_kchi'],r_ant['trend_sma_fast'])
Score:196.15442578573112 -> (5,(smallerThan(r['trend_kst_diff'],r['volatility_bbp']) and (smallerThan(r['volume_mfi'],r['trend_ichimoku_b']) or (smallerThan(r['trend_ema_slow'],r['trend_kst']) or (greaterThan(r['volume_vwap'],r['volatility_bbli']) or greaterThan(r_ant['momentum_uo'],r['trend_psar_up_indicator']))))),r['volatility_kchi'],r_ant['trend_sma_fast'])
Score:196.15442578573112 -> (5,(smallerThan(r['trend_kst_diff'],r['volatility_bbp']) and (smallerThan(r['volume_vpt'],r['trend_ichimoku_b']) or (greaterThan(r_ant['trend_dpo'],r['trend_kst']) and (greaterThan(r['volume_vwap'],r['volatility_bbli']) or greaterThan(r_ant['momentum_uo'],r['trend_psar_up_indicator']))))),r['volatility_kchi'],r['others_cr'])
===================================================================
Generation: 13 BTCUSDT spot 4 1 Ago, 2020-1 Mar, 2021 Individues:300 Size:50 Generations:10000
===================================================================
selecting individuals : 300
Grabbing a batch of: 300
mutating individuals.......
generating crossover.......
recalculate phenotypes and score .......
Top 10:
Score:25214.401182906913 -> (5,(greaterThan(r_ant['trend_psar_down_indicator'],r['trend_adx_pos']) or (smallerThan(r_ant['momentum_uo'],r['momentum_stoch_signal']) and (greaterThan(r_ant['trend_psar_down'],r['trend_kst']) and (greaterThan(r['volume_vwap'],r['volatility_bbli']) or greaterThan(r_ant['momentum_uo'],r['trend_psar_up_indicator']))))),r['volatility_kchi'],r_ant['trend_sma_fast'])
Score:4431.334311705997 -> (5,(greaterThan(r_ant['trend_psar_down_indicator'],r_ant['volatility_bbm']) or (smallerThan(r_ant['momentum_uo'],r['momentum_stoch_signal']) and greaterThan(r['volatility_kch'],r['trend_adx']))),r['trend_psar_up_indicator'],r['volume_em'])
Score:196.15442578573112 -> (5,(smallerThan(r['trend_kst_diff'],r['volatility_bbp']) and (smallerThan(r['volume_vpt'],r['trend_ichimoku_b']) or (greaterThan(r_ant['trend_psar_down'],r['trend_kst']) and (greaterThan(r['volume_vwap'],r['volatility_bbli']) or greaterThan(r_ant['momentum_uo'],r['trend_psar_up_indicator']))))),r['volatility_kchi'],r_ant['trend_sma_fast'])
Score:196.15442578573112 -> (5,(smallerThan(r['trend_kst_diff'],r['volatility_bbp']) and (smallerThan(r['volume_mfi'],r['trend_ichimoku_b']) or (greaterThan(r_ant['trend_psar_down'],r['volatility_dcl']) and (greaterThan(r['volume_vwap'],r['volatility_bbli']) or greaterThan(r_ant['momentum_uo'],r['trend_psar_up_indicator']))))),r['volatility_kchi'],r_ant['trend_sma_fast'])
Score:196.15442578573112 -> (5,(smallerThan(r['trend_kst_diff'],r['volatility_bbp']) and (smallerThan(r['volume_vpt'],r['trend_ichimoku_b']) or (greaterThan(r_ant['trend_psar_down'],r['trend_kst']) and (greaterThan(r['volume_vwap'],r['volatility_bbli']) or greaterThan(r['trend_macd'],r['trend_psar_up_indicator']))))),r['volatility_kchi'],r_ant['trend_sma_fast'])
Score:196.15442578573112 -> (5,(smallerThan(r['trend_kst_diff'],r['volatility_bbp']) and (smallerThan(r['volume_vpt'],r['volatility_bbp']) or (smallerThan(r['trend_ema_slow'],r['trend_kst']) or (greaterThan(r['volume_vwap'],r['volatility_bbli']) or greaterThan(r_ant['momentum_uo'],r['trend_psar_up_indicator']))))),r['volatility_kchi'],r_ant['trend_sma_fast'])
Score:196.15442578573112 -> (5,(smallerThan(r['trend_kst_diff'],r['volatility_bbp']) and (smallerThan(r['volume_mfi'],r['trend_ichimoku_b']) or (greaterThan(r_ant['trend_psar_down'],r['trend_kst']) and (greaterThan(r['volume_vwap'],r['volatility_bbli']) or greaterThan(r['trend_macd'],r['trend_psar_up_indicator']))))),r['volatility_kchi'],r_ant['trend_sma_fast'])
Score:196.15442578573112 -> (5,(smallerThan(r['trend_kst_diff'],r['volatility_bbp']) and (smallerThan(r['volume_mfi'],r['trend_ichimoku_b']) or (smallerThan(r['trend_ema_slow'],r['trend_kst']) or (greaterThan(r['volume_vwap'],r['volatility_bbli']) or greaterThan(r_ant['momentum_uo'],r['trend_psar_up_indicator']))))),r['volatility_kchi'],r_ant['trend_sma_fast'])
Score:196.15442578573112 -> (5,(smallerThan(r['trend_kst_diff'],r['volatility_bbp']) and (smallerThan(r['volume_vpt'],r['trend_ichimoku_b']) or (greaterThan(r_ant['trend_dpo'],r['trend_kst']) and (greaterThan(r['volume_vwap'],r['volatility_bbli']) or greaterThan(r_ant['momentum_uo'],r['trend_psar_up_indicator']))))),r['volatility_kchi'],r['others_cr'])
===================================================================
Generation: 14 BTCUSDT spot 4 1 Ago, 2020-1 Mar, 2021 Individues:300 Size:50 Generations:10000
===================================================================
selecting individuals : 300
Grabbing a batch of: 300
mutating individuals.......
generating crossover.......
recalculate phenotypes and score .......
Top 10:
Score:25214.401182906913 -> (5,(greaterThan(r_ant['trend_psar_down_indicator'],r['trend_adx_pos']) or (smallerThan(r_ant['momentum_uo'],r['momentum_stoch_signal']) and (greaterThan(r_ant['trend_psar_down'],r['trend_kst']) and (greaterThan(r['volume_vwap'],r['volatility_bbli']) or greaterThan(r_ant['momentum_uo'],r['trend_psar_up_indicator']))))),r['volatility_kchi'],r_ant['trend_sma_fast'])
Score:4431.334311705997 -> (5,(greaterThan(r_ant['trend_psar_down_indicator'],r_ant['volatility_bbm']) or (smallerThan(r_ant['momentum_uo'],r['momentum_stoch_signal']) and greaterThan(r['volatility_kch'],r['trend_adx']))),r['trend_psar_up_indicator'],r['volume_em'])
Score:4431.334311705997 -> (5,(greaterThan(r_ant['trend_psar_down_indicator'],r['trend_adx_pos']) or (smallerThan(r_ant['momentum_uo'],r['momentum_stoch_signal']) and greaterThan(r['volatility_kch'],r['trend_adx']))),r['trend_psar_up_indicator'],r['volume_em'])
Score:196.15442578573112 -> (5,(smallerThan(r['trend_kst_diff'],r['volatility_bbp']) and (smallerThan(r['volume_vpt'],r['trend_ichimoku_b']) or (greaterThan(r_ant['trend_psar_down'],r['trend_kst']) and (greaterThan(r['volume_vwap'],r['volatility_bbli']) or greaterThan(r_ant['momentum_uo'],r['trend_psar_up_indicator']))))),r['volatility_kchi'],r_ant['trend_sma_fast'])
Score:196.15442578573112 -> (5,(smallerThan(r['trend_kst_diff'],r['volatility_bbp']) and (smallerThan(r['volume_mfi'],r['trend_ichimoku_b']) or (greaterThan(r_ant['trend_psar_down'],r['volatility_dcl']) and (greaterThan(r['volume_vwap'],r['volatility_bbli']) or greaterThan(r_ant['momentum_uo'],r['trend_psar_up_indicator']))))),r['volatility_kchi'],r_ant['trend_sma_fast'])
Score:196.15442578573112 -> (5,(smallerThan(r['trend_kst_diff'],r['volatility_bbp']) and (smallerThan(r['volume_vpt'],r['trend_ichimoku_b']) or (greaterThan(r_ant['trend_psar_down'],r['trend_kst']) and (greaterThan(r['volume_vwap'],r['volatility_bbli']) or greaterThan(r['trend_macd'],r['trend_psar_up_indicator']))))),r['volatility_kchi'],r_ant['trend_sma_fast'])
Score:196.15442578573112 -> (5,(smallerThan(r['trend_kst_diff'],r['volatility_bbp']) and (smallerThan(r['volume_vpt'],r['volatility_bbp']) or (smallerThan(r['trend_ema_slow'],r['trend_kst']) or (greaterThan(r['volume_vwap'],r['volatility_bbli']) or greaterThan(r_ant['momentum_uo'],r['trend_psar_up_indicator']))))),r['volatility_kchi'],r_ant['trend_sma_fast'])
Score:196.15442578573112 -> (5,(smallerThan(r['trend_kst_diff'],r['volatility_bbp']) and (smallerThan(r['volume_mfi'],r['trend_ichimoku_b']) or (greaterThan(r_ant['trend_psar_down'],r['trend_kst']) and (greaterThan(r['volume_vwap'],r['volatility_bbli']) or greaterThan(r['trend_macd'],r['trend_psar_up_indicator']))))),r['volatility_kchi'],r_ant['trend_sma_fast'])
Score:196.15442578573112 -> (5,(smallerThan(r['trend_kst_diff'],r['volatility_bbp']) and (smallerThan(r['volume_mfi'],r['trend_ichimoku_b']) or (smallerThan(r['trend_ema_slow'],r['trend_kst']) or (greaterThan(r['volume_vwap'],r['volatility_bbli']) or greaterThan(r_ant['momentum_uo'],r['trend_psar_up_indicator']))))),r['volatility_kchi'],r_ant['trend_sma_fast'])
===================================================================
Generation: 15 BTCUSDT spot 4 1 Ago, 2020-1 Mar, 2021 Individues:300 Size:50 Generations:10000
===================================================================
selecting individuals : 300
Grabbing a batch of: 300
mutating individuals.......
generating crossover.......
recalculate phenotypes and score .......
Top 10:
Score:25214.401182906913 -> (5,(greaterThan(r_ant['trend_psar_down_indicator'],r['trend_adx_pos']) or (smallerThan(r_ant['momentum_uo'],r['momentum_stoch_signal']) and (greaterThan(r_ant['trend_psar_down'],r['trend_kst']) and (greaterThan(r['volume_vwap'],r['volatility_bbli']) or greaterThan(r_ant['momentum_uo'],r['trend_psar_up_indicator']))))),r['volatility_kchi'],r_ant['trend_sma_fast'])
Score:4431.334311705997 -> (5,(greaterThan(r_ant['trend_psar_down_indicator'],r_ant['volatility_bbm']) or (smallerThan(r_ant['momentum_uo'],r['momentum_stoch_signal']) and greaterThan(r['volatility_kch'],r['trend_adx']))),r['trend_psar_up_indicator'],r['volume_em'])
Score:4431.334311705997 -> (5,(greaterThan(r_ant['trend_psar_down_indicator'],r['trend_adx_pos']) or (smallerThan(r_ant['momentum_uo'],r['momentum_stoch_signal']) and greaterThan(r['volatility_kch'],r['trend_adx']))),r['trend_psar_up_indicator'],r['volume_em'])
Score:4431.334311705997 -> (5,(greaterThan(r_ant['trend_psar_down_indicator'],r['volatility_atr']) or (smallerThan(r_ant['momentum_uo'],r['momentum_stoch_signal']) and greaterThan(r['volatility_kch'],r['trend_adx']))),r['trend_psar_up_indicator'],r['volume_em'])
Score:196.15442578573112 -> (5,(smallerThan(r['trend_kst_diff'],r['volatility_bbp']) and (smallerThan(r['volume_vpt'],r['trend_ichimoku_b']) or (greaterThan(r_ant['trend_psar_down'],r['trend_kst']) and (greaterThan(r['volume_vwap'],r['volatility_bbli']) or greaterThan(r_ant['momentum_uo'],r['trend_psar_up_indicator']))))),r['volatility_kchi'],r_ant['trend_sma_fast'])
Score:196.15442578573112 -> (5,(smallerThan(r['trend_kst_diff'],r['volatility_bbp']) and (smallerThan(r['volume_mfi'],r['trend_ichimoku_b']) or (greaterThan(r_ant['trend_psar_down'],r['volatility_dcl']) and (greaterThan(r['volume_vwap'],r['volatility_bbli']) or greaterThan(r_ant['momentum_uo'],r['trend_psar_up_indicator']))))),r['volatility_kchi'],r_ant['trend_sma_fast'])
Score:196.15442578573112 -> (5,(smallerThan(r['trend_kst_diff'],r['volatility_bbp']) and (smallerThan(r['volume_vpt'],r['trend_ichimoku_b']) or (greaterThan(r_ant['trend_psar_down'],r['trend_kst']) and (greaterThan(r['volume_vwap'],r['volatility_bbli']) or greaterThan(r['trend_macd'],r['trend_psar_up_indicator']))))),r['volatility_kchi'],r_ant['trend_sma_fast'])
Score:196.15442578573112 -> (5,(smallerThan(r['trend_kst_diff'],r['volatility_bbp']) and (smallerThan(r['volume_vpt'],r['volatility_bbp']) or (smallerThan(r['trend_ema_slow'],r['trend_kst']) or (greaterThan(r['volume_vwap'],r['volatility_bbli']) or greaterThan(r_ant['momentum_uo'],r['trend_psar_up_indicator']))))),r['volatility_kchi'],r_ant['trend_sma_fast'])
Score:196.15442578573112 -> (5,(smallerThan(r['trend_kst_diff'],r['volatility_bbp']) and (smallerThan(r['volume_mfi'],r['trend_ichimoku_b']) or (greaterThan(r_ant['trend_psar_down'],r['trend_kst']) and (greaterThan(r['volume_vwap'],r['volatility_bbli']) or greaterThan(r['trend_macd'],r['trend_psar_up_indicator']))))),r['volatility_kchi'],r_ant['trend_sma_fast'])
===================================================================
Generation: 16 BTCUSDT spot 4 1 Ago, 2020-1 Mar, 2021 Individues:300 Size:50 Generations:10000
===================================================================
selecting individuals : 300
Grabbing a batch of: 300
mutating individuals.......
generating crossover.......
recalculate phenotypes and score .......
Top 10:
Score:25214.401182906913 -> (5,(greaterThan(r_ant['trend_psar_down_indicator'],r['trend_adx_pos']) or (smallerThan(r_ant['momentum_uo'],r['momentum_stoch_signal']) and (greaterThan(r_ant['trend_psar_down'],r['trend_kst']) and (greaterThan(r['volume_vwap'],r['volatility_bbli']) or greaterThan(r_ant['momentum_uo'],r['trend_psar_up_indicator']))))),r['volatility_kchi'],r_ant['trend_sma_fast'])
Score:25214.401182906913 -> (5,(greaterThan(r_ant['trend_psar_down_indicator'],r['trend_adx_pos']) or (smallerThan(r_ant['momentum_uo'],r['momentum_stoch_signal']) and (greaterThan(r_ant['trend_psar_down'],r['trend_kst']) and (greaterThan(r['volume_vwap'],r['volatility_bbli']) or greaterThan(r_ant['momentum_uo'],r['trend_psar_up_indicator']))))),r['volatility_kchi'],r['trend_ichimoku_b'])
Score:4431.334311705997 -> (5,(greaterThan(r_ant['trend_psar_down_indicator'],r_ant['volatility_bbm']) or (smallerThan(r_ant['momentum_uo'],r['momentum_stoch_signal']) and greaterThan(r['volatility_kch'],r['trend_adx']))),r['trend_psar_up_indicator'],r['volume_em'])
Score:4431.334311705997 -> (5,(greaterThan(r_ant['trend_psar_down_indicator'],r['trend_adx_pos']) or (smallerThan(r_ant['momentum_uo'],r['momentum_stoch_signal']) and greaterThan(r['volatility_kch'],r['trend_adx']))),r['trend_psar_up_indicator'],r['volume_em'])
Score:4431.334311705997 -> (5,(greaterThan(r_ant['trend_psar_down_indicator'],r['volatility_atr']) or (smallerThan(r_ant['momentum_uo'],r['momentum_stoch_signal']) and greaterThan(r['volatility_kch'],r['trend_adx']))),r['trend_psar_up_indicator'],r['volume_em'])
Score:4431.334311705997 -> (5,(greaterThan(r_ant['trend_psar_down_indicator'],r_ant['volatility_bbm']) or (smallerThan(r_ant['momentum_uo'],r['momentum_stoch_signal']) and greaterThan(r['volatility_kch'],r['trend_adx']))),r['trend_psar_up_indicator'],r['others_dr'])
Score:2407.5706975346357 -> (5,(smallerThan(r['trend_kst_diff'],r['volatility_bbp']) and (smallerThan(r['volume_vpt'],r['trend_ichimoku_b']) or smallerThan(r['trend_ema_slow'],r['trend_kst']))),r['volatility_bbli'],r['trend_stc'])
Score:196.15442578573112 -> (5,(smallerThan(r['trend_kst_diff'],r['volatility_bbp']) and (smallerThan(r['volume_vpt'],r['trend_ichimoku_b']) or (greaterThan(r_ant['trend_psar_down'],r['trend_kst']) and (greaterThan(r['volume_vwap'],r['volatility_bbli']) or greaterThan(r_ant['momentum_uo'],r['trend_psar_up_indicator']))))),r['volatility_kchi'],r_ant['trend_sma_fast'])
Score:196.15442578573112 -> (5,(smallerThan(r['trend_kst_diff'],r['volatility_bbp']) and (smallerThan(r['volume_mfi'],r['trend_ichimoku_b']) or (greaterThan(r_ant['trend_psar_down'],r['volatility_dcl']) and (greaterThan(r['volume_vwap'],r['volatility_bbli']) or greaterThan(r_ant['momentum_uo'],r['trend_psar_up_indicator']))))),r['volatility_kchi'],r_ant['trend_sma_fast'])
===================================================================
Generation: 17 BTCUSDT spot 4 1 Ago, 2020-1 Mar, 2021 Individues:300 Size:50 Generations:10000
===================================================================
selecting individuals : 300
Grabbing a batch of: 300
mutating individuals.......
generating crossover.......
recalculate phenotypes and score .......
Top 10:
Score:25214.401182906913 -> (5,(greaterThan(r_ant['trend_psar_down_indicator'],r['trend_adx_pos']) or (smallerThan(r_ant['momentum_uo'],r['momentum_stoch_signal']) and (greaterThan(r_ant['trend_psar_down'],r['trend_kst']) and (greaterThan(r['volume_vwap'],r['volatility_bbli']) or greaterThan(r_ant['momentum_uo'],r['trend_psar_up_indicator']))))),r['volatility_kchi'],r_ant['trend_sma_fast'])
Score:25214.401182906913 -> (5,(greaterThan(r_ant['trend_psar_down_indicator'],r['trend_adx_pos']) or (smallerThan(r_ant['momentum_uo'],r['momentum_stoch_signal']) and (greaterThan(r_ant['trend_psar_down'],r['trend_kst']) and (greaterThan(r['volume_vwap'],r['volatility_bbli']) or greaterThan(r_ant['momentum_uo'],r['trend_psar_up_indicator']))))),r['volatility_kchi'],r['trend_ichimoku_b'])
Score:5226.404234283906 -> (5,(smallerThan(r['trend_kst_diff'],r['volatility_bbp']) and (smallerThan(r['volume_vpt'],r['volatility_bbp']) or smallerThan(r['trend_ema_slow'],r['trend_kst']))),r['volatility_bbli'],r['trend_stc'])
Score:4431.334311705997 -> (5,(greaterThan(r_ant['trend_psar_down_indicator'],r_ant['volatility_bbm']) or (smallerThan(r_ant['momentum_uo'],r['momentum_stoch_signal']) and greaterThan(r['volatility_kch'],r['trend_adx']))),r['trend_psar_up_indicator'],r['volume_em'])
Score:4431.334311705997 -> (5,(greaterThan(r_ant['trend_psar_down_indicator'],r['trend_adx_pos']) or (smallerThan(r_ant['momentum_uo'],r['momentum_stoch_signal']) and greaterThan(r['volatility_kch'],r['trend_adx']))),r['trend_psar_up_indicator'],r['volume_em'])
Score:4431.334311705997 -> (5,(greaterThan(r_ant['trend_psar_down_indicator'],r['volatility_atr']) or (smallerThan(r_ant['momentum_uo'],r['momentum_stoch_signal']) and greaterThan(r['volatility_kch'],r['trend_adx']))),r['trend_psar_up_indicator'],r['volume_em'])
Score:4431.334311705997 -> (5,(greaterThan(r_ant['trend_psar_down_indicator'],r_ant['volatility_bbm']) or (smallerThan(r_ant['momentum_uo'],r['momentum_stoch_signal']) and greaterThan(r['volatility_kch'],r['trend_adx']))),r['trend_psar_up_indicator'],r['others_dr'])
Score:2407.5706975346357 -> (5,(smallerThan(r['trend_kst_diff'],r['volatility_bbp']) and (smallerThan(r['volume_vpt'],r['trend_ichimoku_b']) or smallerThan(r['trend_ema_slow'],r['trend_kst']))),r['volatility_bbli'],r['trend_stc'])
Score:196.15442578573112 -> (5,(smallerThan(r['trend_kst_diff'],r['volatility_bbp']) and (smallerThan(r['volume_vpt'],r['trend_ichimoku_b']) or (greaterThan(r_ant['trend_psar_down'],r['trend_kst']) and (greaterThan(r['volume_vwap'],r['volatility_bbli']) or greaterThan(r_ant['momentum_uo'],r['trend_psar_up_indicator']))))),r['volatility_kchi'],r_ant['trend_sma_fast'])
===================================================================
Generation: 18 BTCUSDT spot 4 1 Ago, 2020-1 Mar, 2021 Individues:300 Size:50 Generations:10000
===================================================================
selecting individuals : 300
Grabbing a batch of: 300
mutating individuals.......
generating crossover.......
recalculate phenotypes and score .......
Top 10:
Score:25392.472324403414 -> (5,(greaterThan(r_ant['trend_psar_down_indicator'],r['trend_adx_pos']) or (smallerThan(r_ant['momentum_uo'],r['momentum_stoch_signal']) and (greaterThan(r_ant['trend_psar_down'],r_ant['trend_vortex_ind_neg']) and (greaterThan(r['volume_vwap'],r['volatility_bbli']) or greaterThan(r_ant['momentum_uo'],r['trend_psar_up_indicator']))))),r['volatility_kchi'],r['trend_ichimoku_b'])
Score:25214.401182906913 -> (5,(greaterThan(r_ant['trend_psar_down_indicator'],r['trend_adx_pos']) or (smallerThan(r_ant['momentum_uo'],r['momentum_stoch_signal']) and (greaterThan(r_ant['trend_psar_down'],r['trend_kst']) and (greaterThan(r['volume_vwap'],r['volatility_bbli']) or greaterThan(r_ant['momentum_uo'],r['trend_psar_up_indicator']))))),r['volatility_kchi'],r_ant['trend_sma_fast'])
Score:25214.401182906913 -> (5,(greaterThan(r_ant['trend_psar_down_indicator'],r['trend_adx_pos']) or (smallerThan(r_ant['momentum_uo'],r['momentum_stoch_signal']) and (greaterThan(r_ant['trend_psar_down'],r['trend_kst']) and (greaterThan(r['volume_vwap'],r['volatility_bbli']) or greaterThan(r_ant['momentum_uo'],r['trend_psar_up_indicator']))))),r['volatility_kchi'],r['trend_ichimoku_b'])
Score:25111.630424704163 -> (5,(smallerThan(r['trend_kst_diff'],r['volatility_bbp']) and (smallerThan(r['volume_vpt'],r['volatility_bbp']) or smallerThan(r['trend_ema_slow'],r['trend_kst']))),r['trend_psar_up_indicator'],r['volume_em'])
Score:5226.404234283906 -> (5,(smallerThan(r['trend_kst_diff'],r['volatility_bbp']) and (smallerThan(r['volume_vpt'],r['volatility_bbp']) or smallerThan(r['trend_ema_slow'],r['trend_kst']))),r['volatility_bbli'],r['trend_stc'])
Score:4431.334311705997 -> (5,(greaterThan(r_ant['trend_psar_down_indicator'],r_ant['volatility_bbm']) or (smallerThan(r_ant['momentum_uo'],r['momentum_stoch_signal']) and greaterThan(r['volatility_kch'],r['trend_adx']))),r['trend_psar_up_indicator'],r['volume_em'])
Score:4431.334311705997 -> (5,(greaterThan(r_ant['trend_psar_down_indicator'],r['trend_adx_pos']) or (smallerThan(r_ant['momentum_uo'],r['momentum_stoch_signal']) and greaterThan(r['volatility_kch'],r['trend_adx']))),r['trend_psar_up_indicator'],r['volume_em'])
Score:4431.334311705997 -> (5,(greaterThan(r_ant['trend_psar_down_indicator'],r['volatility_atr']) or (smallerThan(r_ant['momentum_uo'],r['momentum_stoch_signal']) and greaterThan(r['volatility_kch'],r['trend_adx']))),r['trend_psar_up_indicator'],r['volume_em'])
Score:4431.334311705997 -> (5,(greaterThan(r_ant['trend_psar_down_indicator'],r_ant['volatility_bbm']) or (smallerThan(r_ant['momentum_uo'],r['momentum_stoch_signal']) and greaterThan(r['volatility_kch'],r['trend_adx']))),r['trend_psar_up_indicator'],r['others_dr'])
===================================================================
Generation: 19 BTCUSDT spot 4 1 Ago, 2020-1 Mar, 2021 Individues:300 Size:50 Generations:10000
===================================================================
selecting individuals : 300
Grabbing a batch of: 300
mutating individuals.......
generating crossover.......
recalculate phenotypes and score .......
Top 10:
Score:25392.472324403414 -> (5,(greaterThan(r_ant['trend_psar_down_indicator'],r['trend_adx_pos']) or (smallerThan(r_ant['momentum_uo'],r['momentum_stoch_signal']) and (greaterThan(r_ant['trend_psar_down'],r_ant['trend_vortex_ind_neg']) and (greaterThan(r['volume_vwap'],r['volatility_bbli']) or greaterThan(r_ant['momentum_uo'],r['trend_psar_up_indicator']))))),r['volatility_kchi'],r['trend_ichimoku_b'])
Score:25392.472324403414 -> (5,(greaterThan(r_ant['trend_psar_down_indicator'],r['trend_adx_pos']) or (smallerThan(r_ant['momentum_uo'],r['momentum_stoch_signal']) and (greaterThan(r_ant['trend_psar_down'],r_ant['trend_vortex_ind_neg']) and (greaterThan(r['volume_vwap'],r['volatility_bbli']) or greaterThan(r_ant['momentum_uo'],r['trend_psar_up_indicator']))))),r['volatility_kchi'],r_ant['trend_sma_fast'])
Score:25214.401182906913 -> (5,(greaterThan(r_ant['trend_psar_down_indicator'],r['trend_adx_pos']) or (smallerThan(r_ant['momentum_uo'],r['momentum_stoch_signal']) and (greaterThan(r_ant['trend_psar_down'],r['trend_kst']) and (greaterThan(r['volume_vwap'],r['volatility_bbli']) or greaterThan(r_ant['momentum_uo'],r['trend_psar_up_indicator']))))),r['volatility_kchi'],r_ant['trend_sma_fast'])
Score:25214.401182906913 -> (5,(greaterThan(r_ant['trend_psar_down_indicator'],r['trend_adx_pos']) or (smallerThan(r_ant['momentum_uo'],r['momentum_stoch_signal']) and (greaterThan(r_ant['trend_psar_down'],r['trend_kst']) and (greaterThan(r['volume_vwap'],r['volatility_bbli']) or greaterThan(r_ant['momentum_uo'],r['trend_psar_up_indicator']))))),r['volatility_kchi'],r['trend_ichimoku_b'])
Score:25214.401182906913 -> (5,(greaterThan(r_ant['trend_psar_down_indicator'],r['trend_adx_pos']) or (smallerThan(r_ant['momentum_uo'],r['momentum_stoch_signal']) and (greaterThan(r_ant['trend_psar_down'],r['trend_kst']) or (greaterThan(r['volume_vwap'],r['volatility_bbli']) or greaterThan(r_ant['momentum_uo'],r['trend_psar_up_indicator']))))),r['volatility_kchi'],r_ant['trend_sma_fast'])
Score:25111.630424704163 -> (5,(smallerThan(r['trend_kst_diff'],r['volatility_bbp']) and (smallerThan(r['volume_vpt'],r['volatility_bbp']) or smallerThan(r['trend_ema_slow'],r['trend_kst']))),r['trend_psar_up_indicator'],r['volume_em'])
Score:5226.404234283906 -> (5,(smallerThan(r['trend_kst_diff'],r['volatility_bbp']) and (smallerThan(r['volume_vpt'],r['volatility_bbp']) or smallerThan(r['trend_ema_slow'],r['trend_kst']))),r['volatility_bbli'],r['trend_stc'])
Score:4431.334311705997 -> (5,(greaterThan(r_ant['trend_psar_down_indicator'],r_ant['volatility_bbm']) or (smallerThan(r_ant['momentum_uo'],r['momentum_stoch_signal']) and greaterThan(r['volatility_kch'],r['trend_adx']))),r['trend_psar_up_indicator'],r['volume_em'])
Score:4431.334311705997 -> (5,(greaterThan(r_ant['trend_psar_down_indicator'],r['trend_adx_pos']) or (smallerThan(r_ant['momentum_uo'],r['momentum_stoch_signal']) and greaterThan(r['volatility_kch'],r['trend_adx']))),r['trend_psar_up_indicator'],r['volume_em'])
===================================================================
Generation: 20 BTCUSDT spot 4 1 Ago, 2020-1 Mar, 2021 Individues:300 Size:50 Generations:10000
===================================================================
selecting individuals : 300
Grabbing a batch of: 300
mutating individuals.......
generating crossover.......
recalculate phenotypes and score .......
Top 10:
Score:39130.804155344886 -> (5,(smallerThan(r['trend_kst_diff'],r['volatility_dcw']) and (smallerThan(r['volume_mfi'],r['trend_ichimoku_b']) or (smallerThan(r['trend_ema_slow'],r['trend_kst']) and (greaterThan(r['volume_vwap'],r['volatility_bbli']) or greaterThan(r_ant['momentum_uo'],r['trend_psar_up_indicator']))))),r['volatility_kchi'],r['others_cr'])
Score:25392.472324403414 -> (5,(greaterThan(r_ant['trend_psar_down_indicator'],r['trend_adx_pos']) or (smallerThan(r_ant['momentum_uo'],r['momentum_stoch_signal']) and (greaterThan(r_ant['trend_psar_down'],r_ant['trend_vortex_ind_neg']) and (greaterThan(r['volume_vwap'],r['volatility_bbli']) or greaterThan(r_ant['momentum_uo'],r['trend_psar_up_indicator']))))),r['volatility_kchi'],r['trend_ichimoku_b'])
Score:25392.472324403414 -> (5,(greaterThan(r_ant['trend_psar_down_indicator'],r['trend_adx_pos']) or (smallerThan(r_ant['momentum_uo'],r['momentum_stoch_signal']) and (greaterThan(r_ant['trend_psar_down'],r_ant['trend_vortex_ind_neg']) and (greaterThan(r['volume_vwap'],r['volatility_bbli']) or greaterThan(r_ant['momentum_uo'],r['trend_psar_up_indicator']))))),r['volatility_kchi'],r_ant['trend_sma_fast'])
Score:25392.472324403414 -> (5,(greaterThan(r_ant['trend_psar_down_indicator'],r['trend_adx_pos']) or (smallerThan(r_ant['momentum_uo'],r['momentum_stoch_signal']) and (greaterThan(r_ant['trend_psar_down'],r['momentum_roc']) and (greaterThan(r['volume_vwap'],r['volatility_bbli']) or greaterThan(r_ant['momentum_uo'],r['trend_psar_up_indicator']))))),r['volatility_kchi'],r_ant['trend_sma_fast'])
Score:25214.401182906913 -> (5,(greaterThan(r_ant['trend_psar_down_indicator'],r['trend_adx_pos']) or (smallerThan(r_ant['momentum_uo'],r['momentum_stoch_signal']) and (greaterThan(r_ant['trend_psar_down'],r['trend_kst']) and (greaterThan(r['volume_vwap'],r['volatility_bbli']) or greaterThan(r_ant['momentum_uo'],r['trend_psar_up_indicator']))))),r['volatility_kchi'],r_ant['trend_sma_fast'])
Score:25214.401182906913 -> (5,(greaterThan(r_ant['trend_psar_down_indicator'],r['trend_adx_pos']) or (smallerThan(r_ant['momentum_uo'],r['momentum_stoch_signal']) and (greaterThan(r_ant['trend_psar_down'],r['trend_kst']) and (greaterThan(r['volume_vwap'],r['volatility_bbli']) or greaterThan(r_ant['momentum_uo'],r['trend_psar_up_indicator']))))),r['volatility_kchi'],r['trend_ichimoku_b'])
Score:25214.401182906913 -> (5,(greaterThan(r_ant['trend_psar_down_indicator'],r['trend_adx_pos']) or (smallerThan(r_ant['momentum_uo'],r['momentum_stoch_signal']) and (greaterThan(r_ant['trend_psar_down'],r['trend_kst']) or (greaterThan(r['volume_vwap'],r['volatility_bbli']) or greaterThan(r_ant['momentum_uo'],r['trend_psar_up_indicator']))))),r['volatility_kchi'],r_ant['trend_sma_fast'])
Score:25111.630424704163 -> (5,(smallerThan(r['trend_kst_diff'],r['volatility_bbp']) and (smallerThan(r['volume_vpt'],r['volatility_bbp']) or smallerThan(r['trend_ema_slow'],r['trend_kst']))),r['trend_psar_up_indicator'],r['volume_em'])
Score:5226.404234283906 -> (5,(smallerThan(r['trend_kst_diff'],r['volatility_bbp']) and (smallerThan(r['volume_vpt'],r['volatility_bbp']) or smallerThan(r['trend_ema_slow'],r['trend_kst']))),r['volatility_bbli'],r['trend_stc'])
===================================================================
Generation: 21 BTCUSDT spot 4 1 Ago, 2020-1 Mar, 2021 Individues:300 Size:50 Generations:10000
===================================================================
selecting individuals : 300
Grabbing a batch of: 300
mutating individuals.......
generating crossover.......
recalculate phenotypes and score .......
Top 10:
Score:39130.804155344886 -> (5,(smallerThan(r['trend_kst_diff'],r['volatility_dcw']) and (smallerThan(r['volume_mfi'],r['trend_ichimoku_b']) or (smallerThan(r['trend_ema_slow'],r['trend_kst']) and (greaterThan(r['volume_vwap'],r['volatility_bbli']) or greaterThan(r_ant['momentum_uo'],r['trend_psar_up_indicator']))))),r['volatility_kchi'],r['others_cr'])
Score:39130.804155344886 -> (5,(smallerThan(r['trend_kst_diff'],r['volatility_dcw']) and (smallerThan(r_ant['momentum_uo'],r['momentum_stoch_signal']) or (greaterThan(r_ant['trend_psar_down'],r_ant['trend_vortex_ind_neg']) and (greaterThan(r['volume_vwap'],r['volatility_bbli']) or greaterThan(r_ant['momentum_uo'],r['trend_psar_up_indicator']))))),r['volatility_kchi'],r['trend_ichimoku_b'])
Score:25392.472324403414 -> (5,(greaterThan(r_ant['trend_psar_down_indicator'],r['trend_adx_pos']) or (smallerThan(r_ant['momentum_uo'],r['momentum_stoch_signal']) and (greaterThan(r_ant['trend_psar_down'],r_ant['trend_vortex_ind_neg']) and (greaterThan(r['volume_vwap'],r['volatility_bbli']) or greaterThan(r_ant['momentum_uo'],r['trend_psar_up_indicator']))))),r['volatility_kchi'],r['trend_ichimoku_b'])
Score:25392.472324403414 -> (5,(greaterThan(r_ant['trend_psar_down_indicator'],r['trend_adx_pos']) or (smallerThan(r_ant['momentum_uo'],r['momentum_stoch_signal']) and (greaterThan(r_ant['trend_psar_down'],r_ant['trend_vortex_ind_neg']) and (greaterThan(r['volume_vwap'],r['volatility_bbli']) or greaterThan(r_ant['momentum_uo'],r['trend_psar_up_indicator']))))),r['volatility_kchi'],r_ant['trend_sma_fast'])
Score:25392.472324403414 -> (5,(greaterThan(r_ant['trend_psar_down_indicator'],r['trend_adx_pos']) or (smallerThan(r_ant['momentum_uo'],r['momentum_stoch_signal']) and (greaterThan(r_ant['trend_psar_down'],r['momentum_roc']) and (greaterThan(r['volume_vwap'],r['volatility_bbli']) or greaterThan(r_ant['momentum_uo'],r['trend_psar_up_indicator']))))),r['volatility_kchi'],r_ant['trend_sma_fast'])
Score:25214.401182906913 -> (5,(greaterThan(r_ant['trend_psar_down_indicator'],r['trend_adx_pos']) or (smallerThan(r_ant['momentum_uo'],r['momentum_stoch_signal']) and (greaterThan(r_ant['trend_psar_down'],r['trend_kst']) and (greaterThan(r['volume_vwap'],r['volatility_bbli']) or greaterThan(r_ant['momentum_uo'],r['trend_psar_up_indicator']))))),r['volatility_kchi'],r_ant['trend_sma_fast'])
Score:25214.401182906913 -> (5,(greaterThan(r_ant['trend_psar_down_indicator'],r['trend_adx_pos']) or (smallerThan(r_ant['momentum_uo'],r['momentum_stoch_signal']) and (greaterThan(r_ant['trend_psar_down'],r['trend_kst']) and (greaterThan(r['volume_vwap'],r['volatility_bbli']) or greaterThan(r_ant['momentum_uo'],r['trend_psar_up_indicator']))))),r['volatility_kchi'],r['trend_ichimoku_b'])
Score:25214.401182906913 -> (5,(greaterThan(r_ant['trend_psar_down_indicator'],r['trend_adx_pos']) or (smallerThan(r_ant['momentum_uo'],r['momentum_stoch_signal']) and (greaterThan(r_ant['trend_psar_down'],r['trend_kst']) or (greaterThan(r['volume_vwap'],r['volatility_bbli']) or greaterThan(r_ant['momentum_uo'],r['trend_psar_up_indicator']))))),r['volatility_kchi'],r_ant['trend_sma_fast'])
Score:25214.401182906913 -> (5,(greaterThan(r_ant['trend_psar_down_indicator'],r['trend_adx_pos']) or (smallerThan(r_ant['momentum_uo'],r['momentum_stoch_signal']) and (greaterThan(r_ant['trend_psar_down'],r['trend_kst']) and (greaterThan(r['volatility_bbl'],r['volatility_bbli']) or greaterThan(r_ant['momentum_uo'],r['trend_psar_up_indicator']))))),r['volatility_kchi'],r['trend_ichimoku_b'])
===================================================================
Generation: 22 BTCUSDT spot 4 1 Ago, 2020-1 Mar, 2021 Individues:300 Size:50 Generations:10000
===================================================================
selecting individuals : 300
Grabbing a batch of: 300
mutating individuals.......
generating crossover.......
recalculate phenotypes and score .......
Top 10:
Score:39130.804155344886 -> (5,(smallerThan(r['trend_kst_diff'],r['volatility_dcw']) and (smallerThan(r['volume_mfi'],r['trend_ichimoku_b']) or (smallerThan(r['trend_ema_slow'],r['trend_kst']) and (greaterThan(r['volume_vwap'],r['volatility_bbli']) or greaterThan(r_ant['momentum_uo'],r['trend_psar_up_indicator']))))),r['volatility_kchi'],r['others_cr'])
Score:39130.804155344886 -> (5,(smallerThan(r['trend_kst_diff'],r['volatility_dcw']) and (smallerThan(r_ant['momentum_uo'],r['momentum_stoch_signal']) or (greaterThan(r_ant['trend_psar_down'],r_ant['trend_vortex_ind_neg']) and (greaterThan(r['volume_vwap'],r['volatility_bbli']) or greaterThan(r_ant['momentum_uo'],r['trend_psar_up_indicator']))))),r['volatility_kchi'],r['trend_ichimoku_b'])
Score:39130.804155344886 -> (5,(smallerThan(r['trend_kst_diff'],r['volatility_dcw']) and (smallerThan(r['volume_mfi'],r['trend_ichimoku_b']) or (smallerThan(r['trend_ema_slow'],r['trend_kst']) and (greaterThan(r['volume_vwap'],r['volatility_bbli']) or greaterThan(r_ant['momentum_uo'],r['trend_psar_up_indicator']))))),r['volatility_kchi'],r['trend_ichimoku_b'])
Score:25392.472324403414 -> (5,(greaterThan(r_ant['trend_psar_down_indicator'],r['trend_adx_pos']) or (smallerThan(r_ant['momentum_uo'],r['momentum_stoch_signal']) and (greaterThan(r_ant['trend_psar_down'],r_ant['trend_vortex_ind_neg']) and (greaterThan(r['volume_vwap'],r['volatility_bbli']) or greaterThan(r_ant['momentum_uo'],r['trend_psar_up_indicator']))))),r['volatility_kchi'],r['trend_ichimoku_b'])
Score:25392.472324403414 -> (5,(greaterThan(r_ant['trend_psar_down_indicator'],r['trend_adx_pos']) or (smallerThan(r_ant['momentum_uo'],r['momentum_stoch_signal']) and (greaterThan(r_ant['trend_psar_down'],r_ant['trend_vortex_ind_neg']) and (greaterThan(r['volume_vwap'],r['volatility_bbli']) or greaterThan(r_ant['momentum_uo'],r['trend_psar_up_indicator']))))),r['volatility_kchi'],r_ant['trend_sma_fast'])
Score:25392.472324403414 -> (5,(greaterThan(r_ant['trend_psar_down_indicator'],r['trend_adx_pos']) or (smallerThan(r_ant['momentum_uo'],r['momentum_stoch_signal']) and (greaterThan(r_ant['trend_psar_down'],r['momentum_roc']) and (greaterThan(r['volume_vwap'],r['volatility_bbli']) or greaterThan(r_ant['momentum_uo'],r['trend_psar_up_indicator']))))),r['volatility_kchi'],r_ant['trend_sma_fast'])
Score:25214.401182906913 -> (5,(greaterThan(r_ant['trend_psar_down_indicator'],r['trend_adx_pos']) or (smallerThan(r_ant['momentum_uo'],r['momentum_stoch_signal']) and (greaterThan(r_ant['trend_psar_down'],r['trend_kst']) and (greaterThan(r['volume_vwap'],r['volatility_bbli']) or greaterThan(r_ant['momentum_uo'],r['trend_psar_up_indicator']))))),r['volatility_kchi'],r_ant['trend_sma_fast'])
Score:25214.401182906913 -> (5,(greaterThan(r_ant['trend_psar_down_indicator'],r['trend_adx_pos']) or (smallerThan(r_ant['momentum_uo'],r['momentum_stoch_signal']) and (greaterThan(r_ant['trend_psar_down'],r['trend_kst']) and (greaterThan(r['volume_vwap'],r['volatility_bbli']) or greaterThan(r_ant['momentum_uo'],r['trend_psar_up_indicator']))))),r['volatility_kchi'],r['trend_ichimoku_b'])
Score:25214.401182906913 -> (5,(greaterThan(r_ant['trend_psar_down_indicator'],r['trend_adx_pos']) or (smallerThan(r_ant['momentum_uo'],r['momentum_stoch_signal']) and (greaterThan(r_ant['trend_psar_down'],r['trend_kst']) or (greaterThan(r['volume_vwap'],r['volatility_bbli']) or greaterThan(r_ant['momentum_uo'],r['trend_psar_up_indicator']))))),r['volatility_kchi'],r_ant['trend_sma_fast'])
===================================================================
Generation: 23 BTCUSDT spot 4 1 Ago, 2020-1 Mar, 2021 Individues:300 Size:50 Generations:10000
===================================================================
selecting individuals : 300
Grabbing a batch of: 300
mutating individuals.......
generating crossover.......
recalculate phenotypes and score .......
Top 10:
Score:39130.804155344886 -> (5,(smallerThan(r['trend_kst_diff'],r['volatility_dcw']) and (smallerThan(r['volume_mfi'],r['trend_ichimoku_b']) or (smallerThan(r['trend_ema_slow'],r['trend_kst']) and (greaterThan(r['volume_vwap'],r['volatility_bbli']) or greaterThan(r_ant['momentum_uo'],r['trend_psar_up_indicator']))))),r['volatility_kchi'],r['others_cr'])
Score:39130.804155344886 -> (5,(smallerThan(r['trend_kst_diff'],r['volatility_dcw']) and (smallerThan(r_ant['momentum_uo'],r['momentum_stoch_signal']) or (greaterThan(r_ant['trend_psar_down'],r_ant['trend_vortex_ind_neg']) and (greaterThan(r['volume_vwap'],r['volatility_bbli']) or greaterThan(r_ant['momentum_uo'],r['trend_psar_up_indicator']))))),r['volatility_kchi'],r['trend_ichimoku_b'])
Score:39130.804155344886 -> (5,(smallerThan(r['trend_kst_diff'],r['volatility_dcw']) and (smallerThan(r['volume_mfi'],r['trend_ichimoku_b']) or (smallerThan(r['trend_ema_slow'],r['trend_kst']) and (greaterThan(r['volume_vwap'],r['volatility_bbli']) or greaterThan(r_ant['momentum_uo'],r['trend_psar_up_indicator']))))),r['volatility_kchi'],r['trend_ichimoku_b'])
Score:39130.804155344886 -> (5,(smallerThan(r['trend_kst_diff'],r['volatility_dcw']) and (smallerThan(r['volume_mfi'],r['trend_ichimoku_b']) or (smallerThan(r['trend_ema_slow'],r_ant['trend_vortex_ind_neg']) and (smallerThan(r['volume_vwap'],r['volatility_bbli']) or greaterThan(r_ant['momentum_uo'],r['trend_psar_up_indicator']))))),r['volatility_kchi'],r['trend_ichimoku_b'])
Score:39130.804155344886 -> (5,(smallerThan(r['trend_kst_diff'],r['volatility_dcw']) and (smallerThan(r_ant['momentum_uo'],r['momentum_stoch_signal']) or (greaterThan(r_ant['trend_psar_down'],r_ant['trend_vortex_ind_neg']) and (smallerThan(r['volume_vwap'],r['volatility_bbli']) or greaterThan(r_ant['momentum_uo'],r['trend_psar_up_indicator']))))),r['volatility_kchi'],r['trend_ichimoku_b'])
Score:38109.292383057335 -> (5,(smallerThan(r['volatility_kchi'],r['volatility_bbp']) and (smallerThan(r['volume_mfi'],r['trend_ichimoku_b']) or (greaterThan(r_ant['trend_psar_down'],r['momentum_uo']) and (greaterThan(r['volume_vwap'],r_ant['momentum_kama']) and greaterThan(r_ant['momentum_uo'],r['trend_psar_up_indicator']))))),r['volatility_kchi'],r['trend_psar_up_indicator'])
Score:25392.472324403414 -> (5,(greaterThan(r_ant['trend_psar_down_indicator'],r['trend_adx_pos']) or (smallerThan(r_ant['momentum_uo'],r['momentum_stoch_signal']) and (greaterThan(r_ant['trend_psar_down'],r_ant['trend_vortex_ind_neg']) and (greaterThan(r['volume_vwap'],r['volatility_bbli']) or greaterThan(r_ant['momentum_uo'],r['trend_psar_up_indicator']))))),r['volatility_kchi'],r['trend_ichimoku_b'])
Score:25392.472324403414 -> (5,(greaterThan(r_ant['trend_psar_down_indicator'],r['trend_adx_pos']) or (smallerThan(r_ant['momentum_uo'],r['momentum_stoch_signal']) and (greaterThan(r_ant['trend_psar_down'],r_ant['trend_vortex_ind_neg']) and (greaterThan(r['volume_vwap'],r['volatility_bbli']) or greaterThan(r_ant['momentum_uo'],r['trend_psar_up_indicator']))))),r['volatility_kchi'],r_ant['trend_sma_fast'])
Score:25392.472324403414 -> (5,(greaterThan(r_ant['trend_psar_down_indicator'],r['trend_adx_pos']) or (smallerThan(r_ant['momentum_uo'],r['momentum_stoch_signal']) and (greaterThan(r_ant['trend_psar_down'],r['momentum_roc']) and (greaterThan(r['volume_vwap'],r['volatility_bbli']) or greaterThan(r_ant['momentum_uo'],r['trend_psar_up_indicator']))))),r['volatility_kchi'],r_ant['trend_sma_fast'])
===================================================================
Generation: 24 BTCUSDT spot 4 1 Ago, 2020-1 Mar, 2021 Individues:300 Size:50 Generations:10000
===================================================================
selecting individuals : 300
Grabbing a batch of: 300
mutating individuals.......
generating crossover.......
recalculate phenotypes and score .......
